[0.065s] Invoking command in '/home/robot/sweepy_dev_ws/build/sweepy_hardware_drivers': CMAKE_PREFIX_PATH=/home/robot/sweepy_dev_ws/install/sweepy_perception:/home/robot/sweepy_dev_ws/install/sweepy_nav:/home/robot/sweepy_dev_ws/install/sweepy_hardware_drivers:/home/robot/sweepy_dev_ws/install/sweepy_bringup:/opt/ros/humble:/home/robot/sweepy_dev_ws/install/roboclaw_serial:/home/robot/sweepy_dev_ws/install/roboclaw_hardware_interface:/home/robot/sweepy_dev_ws/install/mpu9250driver:/home/robot/sweepy_dev_ws/install/laser_filters:/home/robot/sweepy_ws/install/sweeper_bot:/home/robot/sweepy_ws/install/roboclaw_serial:/home/robot/sweepy_ws/install/roboclaw_hardware_interface:/home/robot/sweepy_ws/install/mpu9250driver:/home/robot/sweepy_ws/install/laser_filters /usr/bin/cmake --build /home/robot/sweepy_dev_ws/build/sweepy_hardware_drivers -- -j8 -l8
[0.223s] Invoked command in '/home/robot/sweepy_dev_ws/build/sweepy_hardware_drivers' returned '0': CMAKE_PREFIX_PATH=/home/robot/sweepy_dev_ws/install/sweepy_perception:/home/robot/sweepy_dev_ws/install/sweepy_nav:/home/robot/sweepy_dev_ws/install/sweepy_hardware_drivers:/home/robot/sweepy_dev_ws/install/sweepy_bringup:/opt/ros/humble:/home/robot/sweepy_dev_ws/install/roboclaw_serial:/home/robot/sweepy_dev_ws/install/roboclaw_hardware_interface:/home/robot/sweepy_dev_ws/install/mpu9250driver:/home/robot/sweepy_dev_ws/install/laser_filters:/home/robot/sweepy_ws/install/sweeper_bot:/home/robot/sweepy_ws/install/roboclaw_serial:/home/robot/sweepy_ws/install/roboclaw_hardware_interface:/home/robot/sweepy_ws/install/mpu9250driver:/home/robot/sweepy_ws/install/laser_filters /usr/bin/cmake --build /home/robot/sweepy_dev_ws/build/sweepy_hardware_drivers -- -j8 -l8
[0.225s] Invoking command in '/home/robot/sweepy_dev_ws/build/sweepy_hardware_drivers': CMAKE_PREFIX_PATH=/home/robot/sweepy_dev_ws/install/sweepy_perception:/home/robot/sweepy_dev_ws/install/sweepy_nav:/home/robot/sweepy_dev_ws/install/sweepy_hardware_drivers:/home/robot/sweepy_dev_ws/install/sweepy_bringup:/opt/ros/humble:/home/robot/sweepy_dev_ws/install/roboclaw_serial:/home/robot/sweepy_dev_ws/install/roboclaw_hardware_interface:/home/robot/sweepy_dev_ws/install/mpu9250driver:/home/robot/sweepy_dev_ws/install/laser_filters:/home/robot/sweepy_ws/install/sweeper_bot:/home/robot/sweepy_ws/install/roboclaw_serial:/home/robot/sweepy_ws/install/roboclaw_hardware_interface:/home/robot/sweepy_ws/install/mpu9250driver:/home/robot/sweepy_ws/install/laser_filters /usr/bin/cmake --install /home/robot/sweepy_dev_ws/build/sweepy_hardware_drivers
[0.245s] -- Install configuration: ""
[0.245s] -- Up-to-date: /home/robot/sweepy_dev_ws/install/sweepy_hardware_drivers/share/sweepy_hardware_drivers/src
[0.246s] -- Up-to-date: /home/robot/sweepy_dev_ws/install/sweepy_hardware_drivers/share/sweepy_hardware_drivers/config
[0.246s] -- Up-to-date: /home/robot/sweepy_dev_ws/install/sweepy_hardware_drivers/share/sweepy_hardware_drivers/config/roboclaw_controllers.yaml
[0.246s] -- Up-to-date: /home/robot/sweepy_dev_ws/install/sweepy_hardware_drivers/share/sweepy_hardware_drivers/config/joystick.yaml
[0.247s] -- Up-to-date: /home/robot/sweepy_dev_ws/install/sweepy_hardware_drivers/share/sweepy_hardware_drivers/launch
[0.247s] -- Up-to-date: /home/robot/sweepy_dev_ws/install/sweepy_hardware_drivers/share/ament_index/resource_index/package_run_dependencies/sweepy_hardware_drivers
[0.247s] -- Up-to-date: /home/robot/sweepy_dev_ws/install/sweepy_hardware_drivers/share/ament_index/resource_index/parent_prefix_path/sweepy_hardware_drivers
[0.247s] -- Up-to-date: /home/robot/sweepy_dev_ws/install/sweepy_hardware_drivers/share/sweepy_hardware_drivers/environment/ament_prefix_path.sh
[0.247s] -- Up-to-date: /home/robot/sweepy_dev_ws/install/sweepy_hardware_drivers/share/sweepy_hardware_drivers/environment/ament_prefix_path.dsv
[0.248s] -- Up-to-date: /home/robot/sweepy_dev_ws/install/sweepy_hardware_drivers/share/sweepy_hardware_drivers/environment/path.sh
[0.248s] -- Up-to-date: /home/robot/sweepy_dev_ws/install/sweepy_hardware_drivers/share/sweepy_hardware_drivers/environment/path.dsv
[0.248s] -- Up-to-date: /home/robot/sweepy_dev_ws/install/sweepy_hardware_drivers/share/sweepy_hardware_drivers/local_setup.bash
[0.248s] -- Up-to-date: /home/robot/sweepy_dev_ws/install/sweepy_hardware_drivers/share/sweepy_hardware_drivers/local_setup.sh
[0.248s] -- Up-to-date: /home/robot/sweepy_dev_ws/install/sweepy_hardware_drivers/share/sweepy_hardware_drivers/local_setup.zsh
[0.248s] -- Up-to-date: /home/robot/sweepy_dev_ws/install/sweepy_hardware_drivers/share/sweepy_hardware_drivers/local_setup.dsv
[0.249s] -- Installing: /home/robot/sweepy_dev_ws/install/sweepy_hardware_drivers/share/sweepy_hardware_drivers/package.dsv
[0.249s] -- Up-to-date: /home/robot/sweepy_dev_ws/install/sweepy_hardware_drivers/share/ament_index/resource_index/packages/sweepy_hardware_drivers
[0.249s] -- Up-to-date: /home/robot/sweepy_dev_ws/install/sweepy_hardware_drivers/share/sweepy_hardware_drivers/cmake/sweepy_hardware_driversConfig.cmake
[0.249s] -- Up-to-date: /home/robot/sweepy_dev_ws/install/sweepy_hardware_drivers/share/sweepy_hardware_drivers/cmake/sweepy_hardware_driversConfig-version.cmake
[0.249s] -- Up-to-date: /home/robot/sweepy_dev_ws/install/sweepy_hardware_drivers/share/sweepy_hardware_drivers/package.xml
[0.353s] Invoked command in '/home/robot/sweepy_dev_ws/build/sweepy_hardware_drivers' returned '0': CMAKE_PREFIX_PATH=/home/robot/sweepy_dev_ws/install/sweepy_perception:/home/robot/sweepy_dev_ws/install/sweepy_nav:/home/robot/sweepy_dev_ws/install/sweepy_hardware_drivers:/home/robot/sweepy_dev_ws/install/sweepy_bringup:/opt/ros/humble:/home/robot/sweepy_dev_ws/install/roboclaw_serial:/home/robot/sweepy_dev_ws/install/roboclaw_hardware_interface:/home/robot/sweepy_dev_ws/install/mpu9250driver:/home/robot/sweepy_dev_ws/install/laser_filters:/home/robot/sweepy_ws/install/sweeper_bot:/home/robot/sweepy_ws/install/roboclaw_serial:/home/robot/sweepy_ws/install/roboclaw_hardware_interface:/home/robot/sweepy_ws/install/mpu9250driver:/home/robot/sweepy_ws/install/laser_filters /usr/bin/cmake --install /home/robot/sweepy_dev_ws/build/sweepy_hardware_drivers
