[0.047s] Invoking command in '/home/robot/sweepy_dev_ws/build/mpu9250driver': CMAKE_PREFIX_PATH=${CMAKE_PREFIX_PATH}:/opt/ros/humble /usr/bin/cmake /home/robot/sweepy_dev_ws/src/ros2_mpu9250_driver -DCMAKE_INSTALL_PREFIX=/home/robot/sweepy_dev_ws/install/mpu9250driver
[0.173s] -- The C compiler identification is GNU 11.4.0
[0.284s] -- The CXX compiler identification is GNU 11.4.0
[0.297s] -- Detecting C compiler ABI info
[0.470s] -- Detecting C compiler ABI info - done
[0.491s] -- Check for working C compiler: /usr/bin/cc - skipped
[0.491s] -- Detecting C compile features
[0.492s] -- Detecting C compile features - done
[0.500s] -- Detecting CXX compiler ABI info
[0.667s] -- Detecting CXX compiler ABI info - done
[0.686s] -- Check for working CXX compiler: /usr/bin/c++ - skipped
[0.687s] -- Detecting CXX compile features
[0.689s] -- Detecting CXX compile features - done
[0.695s] -- Found ament_cmake: 1.3.11 (/opt/ros/humble/share/ament_cmake/cmake)
[1.011s] -- Found Python3: /usr/bin/python3 (found version "3.10.12") found components: Interpreter 
[1.222s] -- Found rclpy: 3.3.16 (/opt/ros/humble/share/rclpy/cmake)
[1.225s] -- Found sensor_msgs: 4.8.0 (/opt/ros/humble/share/sensor_msgs/cmake)
[1.285s] -- Found rosidl_generator_c: 3.1.6 (/opt/ros/humble/share/rosidl_generator_c/cmake)
[1.296s] -- Found rosidl_adapter: 3.1.6 (/opt/ros/humble/share/rosidl_adapter/cmake)
[1.314s] -- Found rosidl_generator_cpp: 3.1.6 (/opt/ros/humble/share/rosidl_generator_cpp/cmake)
[1.342s] -- Using all available rosidl_typesupport_c: rosidl_typesupport_fastrtps_c;rosidl_typesupport_introspection_c
[1.382s] -- Using all available rosidl_typesupport_cpp: rosidl_typesupport_fastrtps_cpp;rosidl_typesupport_introspection_cpp
[1.638s] -- Configuring done
[1.645s] -- Generating done
[1.649s] -- Build files have been written to: /home/robot/sweepy_dev_ws/build/mpu9250driver
[1.660s] Invoked command in '/home/robot/sweepy_dev_ws/build/mpu9250driver' returned '0': CMAKE_PREFIX_PATH=${CMAKE_PREFIX_PATH}:/opt/ros/humble /usr/bin/cmake /home/robot/sweepy_dev_ws/src/ros2_mpu9250_driver -DCMAKE_INSTALL_PREFIX=/home/robot/sweepy_dev_ws/install/mpu9250driver
[1.662s] Invoking command in '/home/robot/sweepy_dev_ws/build/mpu9250driver': CMAKE_PREFIX_PATH=${CMAKE_PREFIX_PATH}:/opt/ros/humble /usr/bin/cmake --build /home/robot/sweepy_dev_ws/build/mpu9250driver -- -j8 -l8
[1.716s] Invoked command in '/home/robot/sweepy_dev_ws/build/mpu9250driver' returned '0': CMAKE_PREFIX_PATH=${CMAKE_PREFIX_PATH}:/opt/ros/humble /usr/bin/cmake --build /home/robot/sweepy_dev_ws/build/mpu9250driver -- -j8 -l8
[1.719s] Invoking command in '/home/robot/sweepy_dev_ws/build/mpu9250driver': CMAKE_PREFIX_PATH=${CMAKE_PREFIX_PATH}:/opt/ros/humble /usr/bin/cmake --install /home/robot/sweepy_dev_ws/build/mpu9250driver
[1.729s] -- Install configuration: ""
[1.729s] -- Installing: /home/robot/sweepy_dev_ws/install/mpu9250driver/lib/mpu9250driver/mpu9250driver_node.py
[1.730s] -- Installing: /home/robot/sweepy_dev_ws/install/mpu9250driver/share/mpu9250driver//launch
[1.730s] -- Installing: /home/robot/sweepy_dev_ws/install/mpu9250driver/share/mpu9250driver//launch/mpu9250driver_launch.py
[1.730s] -- Installing: /home/robot/sweepy_dev_ws/install/mpu9250driver/share/mpu9250driver//params
[1.730s] -- Installing: /home/robot/sweepy_dev_ws/install/mpu9250driver/share/mpu9250driver//params/mpu9250.yaml
[1.730s] -- Installing: /home/robot/sweepy_dev_ws/install/mpu9250driver/share/ament_index/resource_index/package_run_dependencies/mpu9250driver
[1.730s] -- Installing: /home/robot/sweepy_dev_ws/install/mpu9250driver/share/ament_index/resource_index/parent_prefix_path/mpu9250driver
[1.731s] -- Installing: /home/robot/sweepy_dev_ws/install/mpu9250driver/share/mpu9250driver/environment/ament_prefix_path.sh
[1.731s] -- Installing: /home/robot/sweepy_dev_ws/install/mpu9250driver/share/mpu9250driver/environment/ament_prefix_path.dsv
[1.731s] -- Installing: /home/robot/sweepy_dev_ws/install/mpu9250driver/share/mpu9250driver/environment/path.sh
[1.732s] -- Installing: /home/robot/sweepy_dev_ws/install/mpu9250driver/share/mpu9250driver/environment/path.dsv
[1.732s] -- Installing: /home/robot/sweepy_dev_ws/install/mpu9250driver/share/mpu9250driver/local_setup.bash
[1.732s] -- Installing: /home/robot/sweepy_dev_ws/install/mpu9250driver/share/mpu9250driver/local_setup.sh
[1.732s] -- Installing: /home/robot/sweepy_dev_ws/install/mpu9250driver/share/mpu9250driver/local_setup.zsh
[1.733s] -- Installing: /home/robot/sweepy_dev_ws/install/mpu9250driver/share/mpu9250driver/local_setup.dsv
[1.733s] -- Installing: /home/robot/sweepy_dev_ws/install/mpu9250driver/share/mpu9250driver/package.dsv
[1.733s] -- Installing: /home/robot/sweepy_dev_ws/install/mpu9250driver/share/ament_index/resource_index/packages/mpu9250driver
[1.733s] -- Installing: /home/robot/sweepy_dev_ws/install/mpu9250driver/share/mpu9250driver/cmake/mpu9250driverConfig.cmake
[1.734s] -- Installing: /home/robot/sweepy_dev_ws/install/mpu9250driver/share/mpu9250driver/cmake/mpu9250driverConfig-version.cmake
[1.734s] -- Installing: /home/robot/sweepy_dev_ws/install/mpu9250driver/share/mpu9250driver/package.xml
[1.736s] Invoked command in '/home/robot/sweepy_dev_ws/build/mpu9250driver' returned '0': CMAKE_PREFIX_PATH=${CMAKE_PREFIX_PATH}:/opt/ros/humble /usr/bin/cmake --install /home/robot/sweepy_dev_ws/build/mpu9250driver
