[0.065s] Invoking command in '/home/robot/sweepy_dev_ws/build/sweepy_bringup': CMAKE_PREFIX_PATH=/home/robot/sweepy_dev_ws/install/sweepy_perception:/home/robot/sweepy_dev_ws/install/sweepy_nav:/home/robot/sweepy_dev_ws/install/sweepy_hardware_drivers:/home/robot/sweepy_dev_ws/install/sweepy_bringup:/opt/ros/humble:/home/robot/sweepy_dev_ws/install/roboclaw_serial:/home/robot/sweepy_dev_ws/install/roboclaw_hardware_interface:/home/robot/sweepy_dev_ws/install/mpu9250driver:/home/robot/sweepy_dev_ws/install/laser_filters:/home/robot/sweepy_ws/install/sweeper_bot:/home/robot/sweepy_ws/install/roboclaw_serial:/home/robot/sweepy_ws/install/roboclaw_hardware_interface:/home/robot/sweepy_ws/install/mpu9250driver:/home/robot/sweepy_ws/install/laser_filters /usr/bin/cmake --build /home/robot/sweepy_dev_ws/build/sweepy_bringup -- -j8 -l8
[0.180s] Invoked command in '/home/robot/sweepy_dev_ws/build/sweepy_bringup' returned '0': CMAKE_PREFIX_PATH=/home/robot/sweepy_dev_ws/install/sweepy_perception:/home/robot/sweepy_dev_ws/install/sweepy_nav:/home/robot/sweepy_dev_ws/install/sweepy_hardware_drivers:/home/robot/sweepy_dev_ws/install/sweepy_bringup:/opt/ros/humble:/home/robot/sweepy_dev_ws/install/roboclaw_serial:/home/robot/sweepy_dev_ws/install/roboclaw_hardware_interface:/home/robot/sweepy_dev_ws/install/mpu9250driver:/home/robot/sweepy_dev_ws/install/laser_filters:/home/robot/sweepy_ws/install/sweeper_bot:/home/robot/sweepy_ws/install/roboclaw_serial:/home/robot/sweepy_ws/install/roboclaw_hardware_interface:/home/robot/sweepy_ws/install/mpu9250driver:/home/robot/sweepy_ws/install/laser_filters /usr/bin/cmake --build /home/robot/sweepy_dev_ws/build/sweepy_bringup -- -j8 -l8
[0.181s] Invoking command in '/home/robot/sweepy_dev_ws/build/sweepy_bringup': CMAKE_PREFIX_PATH=/home/robot/sweepy_dev_ws/install/sweepy_perception:/home/robot/sweepy_dev_ws/install/sweepy_nav:/home/robot/sweepy_dev_ws/install/sweepy_hardware_drivers:/home/robot/sweepy_dev_ws/install/sweepy_bringup:/opt/ros/humble:/home/robot/sweepy_dev_ws/install/roboclaw_serial:/home/robot/sweepy_dev_ws/install/roboclaw_hardware_interface:/home/robot/sweepy_dev_ws/install/mpu9250driver:/home/robot/sweepy_dev_ws/install/laser_filters:/home/robot/sweepy_ws/install/sweeper_bot:/home/robot/sweepy_ws/install/roboclaw_serial:/home/robot/sweepy_ws/install/roboclaw_hardware_interface:/home/robot/sweepy_ws/install/mpu9250driver:/home/robot/sweepy_ws/install/laser_filters /usr/bin/cmake --install /home/robot/sweepy_dev_ws/build/sweepy_bringup
[0.213s] -- Install configuration: ""
[0.214s] -- Up-to-date: /home/robot/sweepy_dev_ws/install/sweepy_bringup/share/sweepy_bringup/src
[0.214s] -- Up-to-date: /home/robot/sweepy_dev_ws/install/sweepy_bringup/share/sweepy_bringup/launch
[0.215s] -- Installing: /home/robot/sweepy_dev_ws/install/sweepy_bringup/share/sweepy_bringup/launch/gazebo_spawn.launch.py
[0.225s] -- Up-to-date: /home/robot/sweepy_dev_ws/install/sweepy_bringup/share/sweepy_bringup/launch/sweepy_bringup.launch.py
[0.229s] -- Up-to-date: /home/robot/sweepy_dev_ws/install/sweepy_bringup/share/sweepy_bringup/launch/rsp.launch.py
[0.230s] -- Installing: /home/robot/sweepy_dev_ws/install/sweepy_bringup/share/sweepy_bringup/launch/gazebo_spawn_v2.launch.py
[0.230s] -- Up-to-date: /home/robot/sweepy_dev_ws/install/sweepy_bringup/share/sweepy_bringup/worlds
[0.231s] -- Up-to-date: /home/robot/sweepy_dev_ws/install/sweepy_bringup/share/sweepy_bringup/worlds/empty.world
[0.231s] -- Up-to-date: /home/robot/sweepy_dev_ws/install/sweepy_bringup/share/sweepy_bringup/urdf
[0.231s] -- Up-to-date: /home/robot/sweepy_dev_ws/install/sweepy_bringup/share/sweepy_bringup/urdf/intertial_macros.xacro
[0.231s] -- Installing: /home/robot/sweepy_dev_ws/install/sweepy_bringup/share/sweepy_bringup/urdf/gazebo_control.xacro
[0.231s] -- Installing: /home/robot/sweepy_dev_ws/install/sweepy_bringup/share/sweepy_bringup/urdf/robot.urdf.xacro
[0.232s] -- Up-to-date: /home/robot/sweepy_dev_ws/install/sweepy_bringup/share/sweepy_bringup/urdf/ros2_control.xacro
[0.232s] -- Installing: /home/robot/sweepy_dev_ws/install/sweepy_bringup/share/sweepy_bringup/urdf/gazebo_robot.urdf.xacro
[0.232s] -- Up-to-date: /home/robot/sweepy_dev_ws/install/sweepy_bringup/share/sweepy_bringup/urdf/robot_core.xacro
[0.232s] -- Up-to-date: /home/robot/sweepy_dev_ws/install/sweepy_bringup/share/sweepy_bringup/urdf/sick.xacro
[0.232s] -- Installing: /home/robot/sweepy_dev_ws/install/sweepy_bringup/share/sweepy_bringup/urdf/gazebo_control_old.xacro
[0.233s] -- Up-to-date: /home/robot/sweepy_dev_ws/install/sweepy_bringup/share/sweepy_bringup/rviz
[0.233s] -- Up-to-date: /home/robot/sweepy_dev_ws/install/sweepy_bringup/share/sweepy_bringup/rviz/spawn.rviz
[0.233s] -- Up-to-date: /home/robot/sweepy_dev_ws/install/sweepy_bringup/share/ament_index/resource_index/package_run_dependencies/sweepy_bringup
[0.233s] -- Up-to-date: /home/robot/sweepy_dev_ws/install/sweepy_bringup/share/ament_index/resource_index/parent_prefix_path/sweepy_bringup
[0.233s] -- Up-to-date: /home/robot/sweepy_dev_ws/install/sweepy_bringup/share/sweepy_bringup/environment/ament_prefix_path.sh
[0.233s] -- Up-to-date: /home/robot/sweepy_dev_ws/install/sweepy_bringup/share/sweepy_bringup/environment/ament_prefix_path.dsv
[0.234s] -- Up-to-date: /home/robot/sweepy_dev_ws/install/sweepy_bringup/share/sweepy_bringup/environment/path.sh
[0.234s] -- Up-to-date: /home/robot/sweepy_dev_ws/install/sweepy_bringup/share/sweepy_bringup/environment/path.dsv
[0.234s] -- Up-to-date: /home/robot/sweepy_dev_ws/install/sweepy_bringup/share/sweepy_bringup/local_setup.bash
[0.235s] -- Up-to-date: /home/robot/sweepy_dev_ws/install/sweepy_bringup/share/sweepy_bringup/local_setup.sh
[0.235s] -- Up-to-date: /home/robot/sweepy_dev_ws/install/sweepy_bringup/share/sweepy_bringup/local_setup.zsh
[0.235s] -- Up-to-date: /home/robot/sweepy_dev_ws/install/sweepy_bringup/share/sweepy_bringup/local_setup.dsv
[0.235s] -- Installing: /home/robot/sweepy_dev_ws/install/sweepy_bringup/share/sweepy_bringup/package.dsv
[0.235s] -- Up-to-date: /home/robot/sweepy_dev_ws/install/sweepy_bringup/share/ament_index/resource_index/packages/sweepy_bringup
[0.236s] -- Up-to-date: /home/robot/sweepy_dev_ws/install/sweepy_bringup/share/sweepy_bringup/cmake/sweepy_bringupConfig.cmake
[0.236s] -- Up-to-date: /home/robot/sweepy_dev_ws/install/sweepy_bringup/share/sweepy_bringup/cmake/sweepy_bringupConfig-version.cmake
[0.236s] -- Up-to-date: /home/robot/sweepy_dev_ws/install/sweepy_bringup/share/sweepy_bringup/package.xml
[0.274s] Invoked command in '/home/robot/sweepy_dev_ws/build/sweepy_bringup' returned '0': CMAKE_PREFIX_PATH=/home/robot/sweepy_dev_ws/install/sweepy_perception:/home/robot/sweepy_dev_ws/install/sweepy_nav:/home/robot/sweepy_dev_ws/install/sweepy_hardware_drivers:/home/robot/sweepy_dev_ws/install/sweepy_bringup:/opt/ros/humble:/home/robot/sweepy_dev_ws/install/roboclaw_serial:/home/robot/sweepy_dev_ws/install/roboclaw_hardware_interface:/home/robot/sweepy_dev_ws/install/mpu9250driver:/home/robot/sweepy_dev_ws/install/laser_filters:/home/robot/sweepy_ws/install/sweeper_bot:/home/robot/sweepy_ws/install/roboclaw_serial:/home/robot/sweepy_ws/install/roboclaw_hardware_interface:/home/robot/sweepy_ws/install/mpu9250driver:/home/robot/sweepy_ws/install/laser_filters /usr/bin/cmake --install /home/robot/sweepy_dev_ws/build/sweepy_bringup
