[0.045s] Invoking command in '/home/robot/sweepy_dev_ws/build/sweepy_bringup': CMAKE_PREFIX_PATH=${CMAKE_PREFIX_PATH}:/opt/ros/humble /usr/bin/cmake /home/robot/sweepy_dev_ws/src/sweepy_bringup -DCMAKE_INSTALL_PREFIX=/home/robot/sweepy_dev_ws/install/sweepy_bringup
[0.149s] -- The C compiler identification is GNU 11.4.0
[0.271s] -- The CXX compiler identification is GNU 11.4.0
[0.286s] -- Detecting C compiler ABI info
[0.451s] -- Detecting C compiler ABI info - done
[0.475s] -- Check for working C compiler: /usr/bin/cc - skipped
[0.475s] -- Detecting C compile features
[0.475s] -- Detecting C compile features - done
[0.481s] -- Detecting CXX compiler ABI info
[0.654s] -- Detecting CXX compiler ABI info - done
[0.672s] -- Check for working CXX compiler: /usr/bin/c++ - skipped
[0.673s] -- Detecting CXX compile features
[0.675s] -- Detecting CXX compile features - done
[0.679s] -- Found ament_cmake: 1.3.11 (/opt/ros/humble/share/ament_cmake/cmake)
[0.996s] -- Found Python3: /usr/bin/python3 (found version "3.10.12") found components: Interpreter 
[1.188s] -- Found rclpy: 3.3.16 (/opt/ros/humble/share/rclpy/cmake)
[1.195s] -- Found ament_lint_auto: 0.12.12 (/opt/ros/humble/share/ament_lint_auto/cmake)
[1.345s] -- Added test 'flake8' to check Python code syntax and style conventions
[1.346s] -- Added test 'lint_cmake' to check CMake code style
[1.347s] -- Added test 'pep257' to check Python code against some of the docstring style conventions in PEP 257
[1.352s] -- Added test 'xmllint' to check XML markup files
[1.360s] -- Configuring done
[1.362s] -- Generating done
[1.367s] -- Build files have been written to: /home/robot/sweepy_dev_ws/build/sweepy_bringup
[1.382s] Invoked command in '/home/robot/sweepy_dev_ws/build/sweepy_bringup' returned '0': CMAKE_PREFIX_PATH=${CMAKE_PREFIX_PATH}:/opt/ros/humble /usr/bin/cmake /home/robot/sweepy_dev_ws/src/sweepy_bringup -DCMAKE_INSTALL_PREFIX=/home/robot/sweepy_dev_ws/install/sweepy_bringup
[1.384s] Invoking command in '/home/robot/sweepy_dev_ws/build/sweepy_bringup': CMAKE_PREFIX_PATH=${CMAKE_PREFIX_PATH}:/opt/ros/humble /usr/bin/cmake --build /home/robot/sweepy_dev_ws/build/sweepy_bringup -- -j8 -l8
[1.456s] Invoked command in '/home/robot/sweepy_dev_ws/build/sweepy_bringup' returned '0': CMAKE_PREFIX_PATH=${CMAKE_PREFIX_PATH}:/opt/ros/humble /usr/bin/cmake --build /home/robot/sweepy_dev_ws/build/sweepy_bringup -- -j8 -l8
[1.469s] Invoking command in '/home/robot/sweepy_dev_ws/build/sweepy_bringup': CMAKE_PREFIX_PATH=${CMAKE_PREFIX_PATH}:/opt/ros/humble /usr/bin/cmake --install /home/robot/sweepy_dev_ws/build/sweepy_bringup
[1.481s] -- Install configuration: ""
[1.481s] -- Installing: /home/robot/sweepy_dev_ws/install/sweepy_bringup/share/sweepy_bringup/src
[1.481s] -- Installing: /home/robot/sweepy_dev_ws/install/sweepy_bringup/share/sweepy_bringup/launch
[1.482s] -- Installing: /home/robot/sweepy_dev_ws/install/sweepy_bringup/share/sweepy_bringup/launch/rsp.launch.py
[1.482s] -- Installing: /home/robot/sweepy_dev_ws/install/sweepy_bringup/share/sweepy_bringup/launch/sweepy_spawn.launch.py
[1.482s] -- Installing: /home/robot/sweepy_dev_ws/install/sweepy_bringup/share/sweepy_bringup/worlds
[1.482s] -- Installing: /home/robot/sweepy_dev_ws/install/sweepy_bringup/share/sweepy_bringup/worlds/empty.world
[1.482s] -- Installing: /home/robot/sweepy_dev_ws/install/sweepy_bringup/share/sweepy_bringup/urdf
[1.482s] -- Installing: /home/robot/sweepy_dev_ws/install/sweepy_bringup/share/sweepy_bringup/urdf/intertial_macros.xacro
[1.482s] -- Installing: /home/robot/sweepy_dev_ws/install/sweepy_bringup/share/sweepy_bringup/urdf/gazebo_control.xacro
[1.483s] -- Installing: /home/robot/sweepy_dev_ws/install/sweepy_bringup/share/sweepy_bringup/urdf/robot.urdf.xacro
[1.483s] -- Installing: /home/robot/sweepy_dev_ws/install/sweepy_bringup/share/sweepy_bringup/urdf/ros2_control.xacro
[1.483s] -- Installing: /home/robot/sweepy_dev_ws/install/sweepy_bringup/share/sweepy_bringup/urdf/robot_core.xacro
[1.483s] -- Installing: /home/robot/sweepy_dev_ws/install/sweepy_bringup/share/sweepy_bringup/urdf/sick.xacro
[1.483s] -- Installing: /home/robot/sweepy_dev_ws/install/sweepy_bringup/share/ament_index/resource_index/package_run_dependencies/sweepy_bringup
[1.484s] -- Installing: /home/robot/sweepy_dev_ws/install/sweepy_bringup/share/ament_index/resource_index/parent_prefix_path/sweepy_bringup
[1.486s] -- Installing: /home/robot/sweepy_dev_ws/install/sweepy_bringup/share/sweepy_bringup/environment/ament_prefix_path.sh
[1.486s] -- Installing: /home/robot/sweepy_dev_ws/install/sweepy_bringup/share/sweepy_bringup/environment/ament_prefix_path.dsv
[1.486s] -- Installing: /home/robot/sweepy_dev_ws/install/sweepy_bringup/share/sweepy_bringup/environment/path.sh
[1.486s] -- Installing: /home/robot/sweepy_dev_ws/install/sweepy_bringup/share/sweepy_bringup/environment/path.dsv
[1.487s] -- Installing: /home/robot/sweepy_dev_ws/install/sweepy_bringup/share/sweepy_bringup/local_setup.bash
[1.487s] -- Installing: /home/robot/sweepy_dev_ws/install/sweepy_bringup/share/sweepy_bringup/local_setup.sh
[1.487s] -- Installing: /home/robot/sweepy_dev_ws/install/sweepy_bringup/share/sweepy_bringup/local_setup.zsh
[1.487s] -- Installing: /home/robot/sweepy_dev_ws/install/sweepy_bringup/share/sweepy_bringup/local_setup.dsv
[1.488s] -- Installing: /home/robot/sweepy_dev_ws/install/sweepy_bringup/share/sweepy_bringup/package.dsv
[1.488s] -- Installing: /home/robot/sweepy_dev_ws/install/sweepy_bringup/share/ament_index/resource_index/packages/sweepy_bringup
[1.489s] -- Installing: /home/robot/sweepy_dev_ws/install/sweepy_bringup/share/sweepy_bringup/cmake/sweepy_bringupConfig.cmake
[1.490s] -- Installing: /home/robot/sweepy_dev_ws/install/sweepy_bringup/share/sweepy_bringup/cmake/sweepy_bringupConfig-version.cmake
[1.490s] -- Installing: /home/robot/sweepy_dev_ws/install/sweepy_bringup/share/sweepy_bringup/package.xml
[1.505s] Invoked command in '/home/robot/sweepy_dev_ws/build/sweepy_bringup' returned '0': CMAKE_PREFIX_PATH=${CMAKE_PREFIX_PATH}:/opt/ros/humble /usr/bin/cmake --install /home/robot/sweepy_dev_ws/build/sweepy_bringup
