[0.068s] Invoking command in '/home/robot/sweepy_dev_ws/build/mpu9250driver': CMAKE_PREFIX_PATH=/home/robot/sweepy_dev_ws/install/sweepy_perception:/home/robot/sweepy_dev_ws/install/sweepy_nav:/home/robot/sweepy_dev_ws/install/sweepy_hardware_drivers:/home/robot/sweepy_dev_ws/install/sweepy_bringup:/opt/ros/humble:/home/robot/sweepy_dev_ws/install/roboclaw_serial:/home/robot/sweepy_dev_ws/install/roboclaw_hardware_interface:/home/robot/sweepy_dev_ws/install/mpu9250driver:/home/robot/sweepy_dev_ws/install/laser_filters:/home/robot/sweepy_ws/install/sweeper_bot:/home/robot/sweepy_ws/install/roboclaw_serial:/home/robot/sweepy_ws/install/roboclaw_hardware_interface:/home/robot/sweepy_ws/install/mpu9250driver:/home/robot/sweepy_ws/install/laser_filters /usr/bin/cmake --build /home/robot/sweepy_dev_ws/build/mpu9250driver -- -j8 -l8
[0.176s] Invoked command in '/home/robot/sweepy_dev_ws/build/mpu9250driver' returned '0': CMAKE_PREFIX_PATH=/home/robot/sweepy_dev_ws/install/sweepy_perception:/home/robot/sweepy_dev_ws/install/sweepy_nav:/home/robot/sweepy_dev_ws/install/sweepy_hardware_drivers:/home/robot/sweepy_dev_ws/install/sweepy_bringup:/opt/ros/humble:/home/robot/sweepy_dev_ws/install/roboclaw_serial:/home/robot/sweepy_dev_ws/install/roboclaw_hardware_interface:/home/robot/sweepy_dev_ws/install/mpu9250driver:/home/robot/sweepy_dev_ws/install/laser_filters:/home/robot/sweepy_ws/install/sweeper_bot:/home/robot/sweepy_ws/install/roboclaw_serial:/home/robot/sweepy_ws/install/roboclaw_hardware_interface:/home/robot/sweepy_ws/install/mpu9250driver:/home/robot/sweepy_ws/install/laser_filters /usr/bin/cmake --build /home/robot/sweepy_dev_ws/build/mpu9250driver -- -j8 -l8
[0.186s] Invoking command in '/home/robot/sweepy_dev_ws/build/mpu9250driver': CMAKE_PREFIX_PATH=/home/robot/sweepy_dev_ws/install/sweepy_perception:/home/robot/sweepy_dev_ws/install/sweepy_nav:/home/robot/sweepy_dev_ws/install/sweepy_hardware_drivers:/home/robot/sweepy_dev_ws/install/sweepy_bringup:/opt/ros/humble:/home/robot/sweepy_dev_ws/install/roboclaw_serial:/home/robot/sweepy_dev_ws/install/roboclaw_hardware_interface:/home/robot/sweepy_dev_ws/install/mpu9250driver:/home/robot/sweepy_dev_ws/install/laser_filters:/home/robot/sweepy_ws/install/sweeper_bot:/home/robot/sweepy_ws/install/roboclaw_serial:/home/robot/sweepy_ws/install/roboclaw_hardware_interface:/home/robot/sweepy_ws/install/mpu9250driver:/home/robot/sweepy_ws/install/laser_filters /usr/bin/cmake --install /home/robot/sweepy_dev_ws/build/mpu9250driver
[0.224s] -- Install configuration: ""
[0.226s] -- Up-to-date: /home/robot/sweepy_dev_ws/install/mpu9250driver/lib/mpu9250driver/mpu9250driver_node.py
[0.226s] -- Up-to-date: /home/robot/sweepy_dev_ws/install/mpu9250driver/share/mpu9250driver//launch
[0.227s] -- Up-to-date: /home/robot/sweepy_dev_ws/install/mpu9250driver/share/mpu9250driver//launch/mpu9250driver_launch.py
[0.227s] -- Up-to-date: /home/robot/sweepy_dev_ws/install/mpu9250driver/share/mpu9250driver//params
[0.227s] -- Up-to-date: /home/robot/sweepy_dev_ws/install/mpu9250driver/share/mpu9250driver//params/mpu9250.yaml
[0.228s] -- Up-to-date: /home/robot/sweepy_dev_ws/install/mpu9250driver/share/ament_index/resource_index/package_run_dependencies/mpu9250driver
[0.230s] -- Up-to-date: /home/robot/sweepy_dev_ws/install/mpu9250driver/share/ament_index/resource_index/parent_prefix_path/mpu9250driver
[0.231s] -- Up-to-date: /home/robot/sweepy_dev_ws/install/mpu9250driver/share/mpu9250driver/environment/ament_prefix_path.sh
[0.232s] -- Up-to-date: /home/robot/sweepy_dev_ws/install/mpu9250driver/share/mpu9250driver/environment/ament_prefix_path.dsv
[0.232s] -- Up-to-date: /home/robot/sweepy_dev_ws/install/mpu9250driver/share/mpu9250driver/environment/path.sh
[0.232s] -- Up-to-date: /home/robot/sweepy_dev_ws/install/mpu9250driver/share/mpu9250driver/environment/path.dsv
[0.232s] -- Up-to-date: /home/robot/sweepy_dev_ws/install/mpu9250driver/share/mpu9250driver/local_setup.bash
[0.233s] -- Up-to-date: /home/robot/sweepy_dev_ws/install/mpu9250driver/share/mpu9250driver/local_setup.sh
[0.233s] -- Up-to-date: /home/robot/sweepy_dev_ws/install/mpu9250driver/share/mpu9250driver/local_setup.zsh
[0.233s] -- Up-to-date: /home/robot/sweepy_dev_ws/install/mpu9250driver/share/mpu9250driver/local_setup.dsv
[0.233s] -- Installing: /home/robot/sweepy_dev_ws/install/mpu9250driver/share/mpu9250driver/package.dsv
[0.238s] -- Up-to-date: /home/robot/sweepy_dev_ws/install/mpu9250driver/share/ament_index/resource_index/packages/mpu9250driver
[0.239s] -- Up-to-date: /home/robot/sweepy_dev_ws/install/mpu9250driver/share/mpu9250driver/cmake/mpu9250driverConfig.cmake
[0.244s] -- Up-to-date: /home/robot/sweepy_dev_ws/install/mpu9250driver/share/mpu9250driver/cmake/mpu9250driverConfig-version.cmake
[0.244s] -- Up-to-date: /home/robot/sweepy_dev_ws/install/mpu9250driver/share/mpu9250driver/package.xml
[0.267s] Invoked command in '/home/robot/sweepy_dev_ws/build/mpu9250driver' returned '0': CMAKE_PREFIX_PATH=/home/robot/sweepy_dev_ws/install/sweepy_perception:/home/robot/sweepy_dev_ws/install/sweepy_nav:/home/robot/sweepy_dev_ws/install/sweepy_hardware_drivers:/home/robot/sweepy_dev_ws/install/sweepy_bringup:/opt/ros/humble:/home/robot/sweepy_dev_ws/install/roboclaw_serial:/home/robot/sweepy_dev_ws/install/roboclaw_hardware_interface:/home/robot/sweepy_dev_ws/install/mpu9250driver:/home/robot/sweepy_dev_ws/install/laser_filters:/home/robot/sweepy_ws/install/sweeper_bot:/home/robot/sweepy_ws/install/roboclaw_serial:/home/robot/sweepy_ws/install/roboclaw_hardware_interface:/home/robot/sweepy_ws/install/mpu9250driver:/home/robot/sweepy_ws/install/laser_filters /usr/bin/cmake --install /home/robot/sweepy_dev_ws/build/mpu9250driver
