[0.042s] Invoking command in '/home/robot/sweepy_dev_ws/build/sweepy_hardware_drivers': CMAKE_PREFIX_PATH=${CMAKE_PREFIX_PATH}:/opt/ros/humble /usr/bin/cmake /home/robot/sweepy_dev_ws/src/sweepy_hardware_drivers -DCMAKE_INSTALL_PREFIX=/home/robot/sweepy_dev_ws/install/sweepy_hardware_drivers
[0.167s] -- The C compiler identification is GNU 11.4.0
[0.295s] -- The CXX compiler identification is GNU 11.4.0
[0.309s] -- Detecting C compiler ABI info
[0.483s] -- Detecting C compiler ABI info - done
[0.511s] -- Check for working C compiler: /usr/bin/cc - skipped
[0.515s] -- Detecting C compile features
[0.515s] -- Detecting C compile features - done
[0.521s] -- Detecting CXX compiler ABI info
[0.666s] -- Detecting CXX compiler ABI info - done
[0.691s] -- Check for working CXX compiler: /usr/bin/c++ - skipped
[0.692s] -- Detecting CXX compile features
[0.693s] -- Detecting CXX compile features - done
[0.698s] -- Found ament_cmake: 1.3.11 (/opt/ros/humble/share/ament_cmake/cmake)
[1.041s] -- Found Python3: /usr/bin/python3 (found version "3.10.12") found components: Interpreter 
[1.228s] -- Found rclpy: 3.3.16 (/opt/ros/humble/share/rclpy/cmake)
[1.233s] -- Found ament_lint_auto: 0.12.12 (/opt/ros/humble/share/ament_lint_auto/cmake)
[1.388s] -- Added test 'lint_cmake' to check CMake code style
[1.397s] -- Added test 'xmllint' to check XML markup files
[1.397s] -- Configuring done
[1.403s] -- Generating done
[1.408s] -- Build files have been written to: /home/robot/sweepy_dev_ws/build/sweepy_hardware_drivers
[1.420s] Invoked command in '/home/robot/sweepy_dev_ws/build/sweepy_hardware_drivers' returned '0': CMAKE_PREFIX_PATH=${CMAKE_PREFIX_PATH}:/opt/ros/humble /usr/bin/cmake /home/robot/sweepy_dev_ws/src/sweepy_hardware_drivers -DCMAKE_INSTALL_PREFIX=/home/robot/sweepy_dev_ws/install/sweepy_hardware_drivers
[1.421s] Invoking command in '/home/robot/sweepy_dev_ws/build/sweepy_hardware_drivers': CMAKE_PREFIX_PATH=${CMAKE_PREFIX_PATH}:/opt/ros/humble /usr/bin/cmake --build /home/robot/sweepy_dev_ws/build/sweepy_hardware_drivers -- -j8 -l8
[1.485s] Invoked command in '/home/robot/sweepy_dev_ws/build/sweepy_hardware_drivers' returned '0': CMAKE_PREFIX_PATH=${CMAKE_PREFIX_PATH}:/opt/ros/humble /usr/bin/cmake --build /home/robot/sweepy_dev_ws/build/sweepy_hardware_drivers -- -j8 -l8
[1.496s] Invoking command in '/home/robot/sweepy_dev_ws/build/sweepy_hardware_drivers': CMAKE_PREFIX_PATH=${CMAKE_PREFIX_PATH}:/opt/ros/humble /usr/bin/cmake --install /home/robot/sweepy_dev_ws/build/sweepy_hardware_drivers
[1.503s] -- Install configuration: ""
[1.505s] -- Installing: /home/robot/sweepy_dev_ws/install/sweepy_hardware_drivers/share/sweepy_hardware_drivers/src
[1.505s] -- Installing: /home/robot/sweepy_dev_ws/install/sweepy_hardware_drivers/share/sweepy_hardware_drivers/config
[1.506s] -- Installing: /home/robot/sweepy_dev_ws/install/sweepy_hardware_drivers/share/sweepy_hardware_drivers/config/roboclaw_controllers.yaml
[1.506s] -- Installing: /home/robot/sweepy_dev_ws/install/sweepy_hardware_drivers/share/sweepy_hardware_drivers/config/joystick.yaml
[1.506s] -- Installing: /home/robot/sweepy_dev_ws/install/sweepy_hardware_drivers/share/sweepy_hardware_drivers/launch
[1.506s] -- Installing: /home/robot/sweepy_dev_ws/install/sweepy_hardware_drivers/share/ament_index/resource_index/package_run_dependencies/sweepy_hardware_drivers
[1.506s] -- Installing: /home/robot/sweepy_dev_ws/install/sweepy_hardware_drivers/share/ament_index/resource_index/parent_prefix_path/sweepy_hardware_drivers
[1.506s] -- Installing: /home/robot/sweepy_dev_ws/install/sweepy_hardware_drivers/share/sweepy_hardware_drivers/environment/ament_prefix_path.sh
[1.507s] -- Installing: /home/robot/sweepy_dev_ws/install/sweepy_hardware_drivers/share/sweepy_hardware_drivers/environment/ament_prefix_path.dsv
[1.507s] -- Installing: /home/robot/sweepy_dev_ws/install/sweepy_hardware_drivers/share/sweepy_hardware_drivers/environment/path.sh
[1.507s] -- Installing: /home/robot/sweepy_dev_ws/install/sweepy_hardware_drivers/share/sweepy_hardware_drivers/environment/path.dsv
[1.507s] -- Installing: /home/robot/sweepy_dev_ws/install/sweepy_hardware_drivers/share/sweepy_hardware_drivers/local_setup.bash
[1.509s] -- Installing: /home/robot/sweepy_dev_ws/install/sweepy_hardware_drivers/share/sweepy_hardware_drivers/local_setup.sh
[1.509s] -- Installing: /home/robot/sweepy_dev_ws/install/sweepy_hardware_drivers/share/sweepy_hardware_drivers/local_setup.zsh
[1.509s] -- Installing: /home/robot/sweepy_dev_ws/install/sweepy_hardware_drivers/share/sweepy_hardware_drivers/local_setup.dsv
[1.509s] -- Installing: /home/robot/sweepy_dev_ws/install/sweepy_hardware_drivers/share/sweepy_hardware_drivers/package.dsv
[1.509s] -- Installing: /home/robot/sweepy_dev_ws/install/sweepy_hardware_drivers/share/ament_index/resource_index/packages/sweepy_hardware_drivers
[1.509s] -- Installing: /home/robot/sweepy_dev_ws/install/sweepy_hardware_drivers/share/sweepy_hardware_drivers/cmake/sweepy_hardware_driversConfig.cmake
[1.509s] -- Installing: /home/robot/sweepy_dev_ws/install/sweepy_hardware_drivers/share/sweepy_hardware_drivers/cmake/sweepy_hardware_driversConfig-version.cmake
[1.509s] -- Installing: /home/robot/sweepy_dev_ws/install/sweepy_hardware_drivers/share/sweepy_hardware_drivers/package.xml
[1.579s] Invoked command in '/home/robot/sweepy_dev_ws/build/sweepy_hardware_drivers' returned '0': CMAKE_PREFIX_PATH=${CMAKE_PREFIX_PATH}:/opt/ros/humble /usr/bin/cmake --install /home/robot/sweepy_dev_ws/build/sweepy_hardware_drivers
