[0.049s] Invoking command in '/home/robot/sweepy_dev_ws/build/sweepy_nav': CMAKE_PREFIX_PATH=/home/robot/sweepy_dev_ws/install/sweepy_perception:/home/robot/sweepy_dev_ws/install/sweepy_nav:/home/robot/sweepy_dev_ws/install/sweepy_hardware_drivers:/home/robot/sweepy_dev_ws/install/sweepy_bringup:/opt/ros/humble:/home/robot/sweepy_dev_ws/install/roboclaw_serial:/home/robot/sweepy_dev_ws/install/roboclaw_hardware_interface:/home/robot/sweepy_dev_ws/install/mpu9250driver:/home/robot/sweepy_dev_ws/install/laser_filters:/home/robot/sweepy_ws/install/sweeper_bot:/home/robot/sweepy_ws/install/roboclaw_serial:/home/robot/sweepy_ws/install/roboclaw_hardware_interface:/home/robot/sweepy_ws/install/mpu9250driver:/home/robot/sweepy_ws/install/laser_filters /usr/bin/cmake --build /home/robot/sweepy_dev_ws/build/sweepy_nav -- -j8 -l8
[0.127s] Invoked command in '/home/robot/sweepy_dev_ws/build/sweepy_nav' returned '0': CMAKE_PREFIX_PATH=/home/robot/sweepy_dev_ws/install/sweepy_perception:/home/robot/sweepy_dev_ws/install/sweepy_nav:/home/robot/sweepy_dev_ws/install/sweepy_hardware_drivers:/home/robot/sweepy_dev_ws/install/sweepy_bringup:/opt/ros/humble:/home/robot/sweepy_dev_ws/install/roboclaw_serial:/home/robot/sweepy_dev_ws/install/roboclaw_hardware_interface:/home/robot/sweepy_dev_ws/install/mpu9250driver:/home/robot/sweepy_dev_ws/install/laser_filters:/home/robot/sweepy_ws/install/sweeper_bot:/home/robot/sweepy_ws/install/roboclaw_serial:/home/robot/sweepy_ws/install/roboclaw_hardware_interface:/home/robot/sweepy_ws/install/mpu9250driver:/home/robot/sweepy_ws/install/laser_filters /usr/bin/cmake --build /home/robot/sweepy_dev_ws/build/sweepy_nav -- -j8 -l8
[0.147s] Invoking command in '/home/robot/sweepy_dev_ws/build/sweepy_nav': CMAKE_PREFIX_PATH=/home/robot/sweepy_dev_ws/install/sweepy_perception:/home/robot/sweepy_dev_ws/install/sweepy_nav:/home/robot/sweepy_dev_ws/install/sweepy_hardware_drivers:/home/robot/sweepy_dev_ws/install/sweepy_bringup:/opt/ros/humble:/home/robot/sweepy_dev_ws/install/roboclaw_serial:/home/robot/sweepy_dev_ws/install/roboclaw_hardware_interface:/home/robot/sweepy_dev_ws/install/mpu9250driver:/home/robot/sweepy_dev_ws/install/laser_filters:/home/robot/sweepy_ws/install/sweeper_bot:/home/robot/sweepy_ws/install/roboclaw_serial:/home/robot/sweepy_ws/install/roboclaw_hardware_interface:/home/robot/sweepy_ws/install/mpu9250driver:/home/robot/sweepy_ws/install/laser_filters /usr/bin/cmake --install /home/robot/sweepy_dev_ws/build/sweepy_nav
[0.158s] -- Install configuration: ""
[0.158s] -- Up-to-date: /home/robot/sweepy_dev_ws/install/sweepy_nav/share/sweepy_nav/src
[0.158s] -- Up-to-date: /home/robot/sweepy_dev_ws/install/sweepy_nav/share/sweepy_nav/launch
[0.158s] -- Up-to-date: /home/robot/sweepy_dev_ws/install/sweepy_nav/share/sweepy_nav/launch/navigation_launch.py
[0.158s] -- Up-to-date: /home/robot/sweepy_dev_ws/install/sweepy_nav/share/sweepy_nav/launch/amcl_launch.py
[0.159s] -- Up-to-date: /home/robot/sweepy_dev_ws/install/sweepy_nav/share/sweepy_nav/launch/online_async_launch.py
[0.159s] -- Up-to-date: /home/robot/sweepy_dev_ws/install/sweepy_nav/share/sweepy_nav/config
[0.159s] -- Up-to-date: /home/robot/sweepy_dev_ws/install/sweepy_nav/share/sweepy_nav/config/mapper_params_localization.yaml
[0.159s] -- Up-to-date: /home/robot/sweepy_dev_ws/install/sweepy_nav/share/sweepy_nav/config/mapper_params_online_async.yaml
[0.159s] -- Up-to-date: /home/robot/sweepy_dev_ws/install/sweepy_nav/share/sweepy_nav/config/ekf_params.yaml
[0.160s] -- Up-to-date: /home/robot/sweepy_dev_ws/install/sweepy_nav/share/sweepy_nav/config/nav2_params.yaml
[0.160s] -- Up-to-date: /home/robot/sweepy_dev_ws/install/sweepy_nav/share/ament_index/resource_index/package_run_dependencies/sweepy_nav
[0.160s] -- Up-to-date: /home/robot/sweepy_dev_ws/install/sweepy_nav/share/ament_index/resource_index/parent_prefix_path/sweepy_nav
[0.160s] -- Up-to-date: /home/robot/sweepy_dev_ws/install/sweepy_nav/share/sweepy_nav/environment/ament_prefix_path.sh
[0.160s] -- Up-to-date: /home/robot/sweepy_dev_ws/install/sweepy_nav/share/sweepy_nav/environment/ament_prefix_path.dsv
[0.160s] -- Up-to-date: /home/robot/sweepy_dev_ws/install/sweepy_nav/share/sweepy_nav/environment/path.sh
[0.162s] -- Up-to-date: /home/robot/sweepy_dev_ws/install/sweepy_nav/share/sweepy_nav/environment/path.dsv
[0.162s] -- Up-to-date: /home/robot/sweepy_dev_ws/install/sweepy_nav/share/sweepy_nav/local_setup.bash
[0.162s] -- Up-to-date: /home/robot/sweepy_dev_ws/install/sweepy_nav/share/sweepy_nav/local_setup.sh
[0.162s] -- Up-to-date: /home/robot/sweepy_dev_ws/install/sweepy_nav/share/sweepy_nav/local_setup.zsh
[0.167s] -- Up-to-date: /home/robot/sweepy_dev_ws/install/sweepy_nav/share/sweepy_nav/local_setup.dsv
[0.168s] -- Up-to-date: /home/robot/sweepy_dev_ws/install/sweepy_nav/share/sweepy_nav/package.dsv
[0.168s] -- Up-to-date: /home/robot/sweepy_dev_ws/install/sweepy_nav/share/ament_index/resource_index/packages/sweepy_nav
[0.168s] -- Up-to-date: /home/robot/sweepy_dev_ws/install/sweepy_nav/share/sweepy_nav/cmake/sweepy_navConfig.cmake
[0.169s] -- Up-to-date: /home/robot/sweepy_dev_ws/install/sweepy_nav/share/sweepy_nav/cmake/sweepy_navConfig-version.cmake
[0.169s] -- Up-to-date: /home/robot/sweepy_dev_ws/install/sweepy_nav/share/sweepy_nav/package.xml
[0.205s] Invoked command in '/home/robot/sweepy_dev_ws/build/sweepy_nav' returned '0': CMAKE_PREFIX_PATH=/home/robot/sweepy_dev_ws/install/sweepy_perception:/home/robot/sweepy_dev_ws/install/sweepy_nav:/home/robot/sweepy_dev_ws/install/sweepy_hardware_drivers:/home/robot/sweepy_dev_ws/install/sweepy_bringup:/opt/ros/humble:/home/robot/sweepy_dev_ws/install/roboclaw_serial:/home/robot/sweepy_dev_ws/install/roboclaw_hardware_interface:/home/robot/sweepy_dev_ws/install/mpu9250driver:/home/robot/sweepy_dev_ws/install/laser_filters:/home/robot/sweepy_ws/install/sweeper_bot:/home/robot/sweepy_ws/install/roboclaw_serial:/home/robot/sweepy_ws/install/roboclaw_hardware_interface:/home/robot/sweepy_ws/install/mpu9250driver:/home/robot/sweepy_ws/install/laser_filters /usr/bin/cmake --install /home/robot/sweepy_dev_ws/build/sweepy_nav
