-- The C compiler identification is GNU 11.4.0
-- The CXX compiler identification is GNU 11.4.0
-- Detecting C compiler ABI info
-- Detecting C compiler ABI info - done
-- Check for working C compiler: /usr/bin/cc - skipped
-- Detecting C compile features
-- Detecting C compile features - done
-- Detecting CXX compiler ABI info
-- Detecting CXX compiler ABI info - done
-- Check for working CXX compiler: /usr/bin/c++ - skipped
-- Detecting CXX compile features
-- Detecting CXX compile features - done
-- Found ament_cmake: 1.3.11 (/opt/ros/humble/share/ament_cmake/cmake)
-- Found Python3: /usr/bin/python3 (found version "3.10.12") found components: Interpreter 
-- Found hardware_interface: 2.50.0 (/opt/ros/humble/share/hardware_interface/cmake)
-- Found rosidl_generator_c: 3.1.6 (/opt/ros/humble/share/rosidl_generator_c/cmake)
-- Found rosidl_adapter: 3.1.6 (/opt/ros/humble/share/rosidl_adapter/cmake)
-- Found rosidl_generator_cpp: 3.1.6 (/opt/ros/humble/share/rosidl_generator_cpp/cmake)
-- Using all available rosidl_typesupport_c: rosidl_typesupport_fastrtps_c;rosidl_typesupport_introspection_c
-- Using all available rosidl_typesupport_cpp: rosidl_typesupport_fastrtps_cpp;rosidl_typesupport_introspection_cpp
-- Found rmw_implementation_cmake: 6.1.2 (/opt/ros/humble/share/rmw_implementation_cmake/cmake)
-- Found rmw_fastrtps_cpp: 6.2.7 (/opt/ros/humble/share/rmw_fastrtps_cpp/cmake)
-- Found TinyXML2 via Config file: TinyXML2_DIR-NOTFOUND
-- Found OpenSSL: /usr/lib/x86_64-linux-gnu/libcrypto.so (found version "3.0.2")  
-- Found TinyXML2 via Config file: TinyXML2_DIR-NOTFOUND
-- Found FastRTPS: /opt/ros/humble/include  
-- Found TinyXML2 via Config file: TinyXML2_DIR-NOTFOUND
-- Found TinyXML2 via Config file: TinyXML2_DIR-NOTFOUND
-- Using RMW implementation 'rmw_fastrtps_cpp' as default
-- Looking for pthread.h
-- Looking for pthread.h - found
-- Performing Test CMAKE_HAVE_LIBC_PTHREAD
-- Performing Test CMAKE_HAVE_LIBC_PTHREAD - Success
-- Found Threads: TRUE  
-- Found ament_lint_auto: 0.12.12 (/opt/ros/humble/share/ament_lint_auto/cmake)
-- Added test 'copyright' to check source files copyright and LICENSE
-- Added test 'cppcheck' to perform static code analysis on C / C++ code
-- Configured cppcheck include dirs: /home/robot/sweepy_dev_ws/src/roboclaw_hardware_interface/include
-- Configured cppcheck exclude dirs and/or files: 
-- Added test 'cpplint' to check C / C++ code against the Google style
-- Configured cpplint exclude dirs and/or files: 
-- Added test 'lint_cmake' to check CMake code style
-- Added test 'uncrustify' to check C / C++ code style
-- Configured uncrustify additional arguments: 
-- Added test 'xmllint' to check XML markup files
-- Configuring done
-- Generating done
-- Build files have been written to: /home/robot/sweepy_dev_ws/build/roboclaw_hardware_interface
[ 25%] [32mBuilding CXX object CMakeFiles/roboclaw_hardware_interface.dir/src/roboclaw_unit.cpp.o[0m
[ 50%] [32mBuilding CXX object CMakeFiles/roboclaw_hardware_interface.dir/src/motor_joint.cpp.o[0m
[ 75%] [32mBuilding CXX object CMakeFiles/roboclaw_hardware_interface.dir/src/roboclaw_hardware_interface.cpp.o[0m
[100%] [32m[1mLinking CXX shared library libroboclaw_hardware_interface.so[0m
[100%] Built target roboclaw_hardware_interface
-- Install configuration: ""
-- Installing: /home/robot/sweepy_dev_ws/install/roboclaw_hardware_interface/share/roboclaw_hardware_interface/roboclaw_hardware_interface.xml
-- Installing: /home/robot/sweepy_dev_ws/install/roboclaw_hardware_interface/lib/libroboclaw_hardware_interface.so
-- Set runtime path of "/home/robot/sweepy_dev_ws/install/roboclaw_hardware_interface/lib/libroboclaw_hardware_interface.so" to ""
-- Up-to-date: /home/robot/sweepy_dev_ws/install/roboclaw_hardware_interface/share/roboclaw_hardware_interface/roboclaw_hardware_interface.xml
-- Installing: /home/robot/sweepy_dev_ws/install/roboclaw_hardware_interface/share/ament_index/resource_index/package_run_dependencies/roboclaw_hardware_interface
-- Installing: /home/robot/sweepy_dev_ws/install/roboclaw_hardware_interface/share/ament_index/resource_index/parent_prefix_path/roboclaw_hardware_interface
-- Installing: /home/robot/sweepy_dev_ws/install/roboclaw_hardware_interface/share/roboclaw_hardware_interface/environment/ament_prefix_path.sh
-- Installing: /home/robot/sweepy_dev_ws/install/roboclaw_hardware_interface/share/roboclaw_hardware_interface/environment/ament_prefix_path.dsv
-- Installing: /home/robot/sweepy_dev_ws/install/roboclaw_hardware_interface/share/roboclaw_hardware_interface/environment/path.sh
-- Installing: /home/robot/sweepy_dev_ws/install/roboclaw_hardware_interface/share/roboclaw_hardware_interface/environment/path.dsv
-- Installing: /home/robot/sweepy_dev_ws/install/roboclaw_hardware_interface/share/roboclaw_hardware_interface/local_setup.bash
-- Installing: /home/robot/sweepy_dev_ws/install/roboclaw_hardware_interface/share/roboclaw_hardware_interface/local_setup.sh
-- Installing: /home/robot/sweepy_dev_ws/install/roboclaw_hardware_interface/share/roboclaw_hardware_interface/local_setup.zsh
-- Installing: /home/robot/sweepy_dev_ws/install/roboclaw_hardware_interface/share/roboclaw_hardware_interface/local_setup.dsv
-- Installing: /home/robot/sweepy_dev_ws/install/roboclaw_hardware_interface/share/roboclaw_hardware_interface/package.dsv
-- Installing: /home/robot/sweepy_dev_ws/install/roboclaw_hardware_interface/share/ament_index/resource_index/packages/roboclaw_hardware_interface
-- Installing: /home/robot/sweepy_dev_ws/install/roboclaw_hardware_interface/share/ament_index/resource_index/hardware_interface__pluginlib__plugin/roboclaw_hardware_interface
-- Installing: /home/robot/sweepy_dev_ws/install/roboclaw_hardware_interface/share/roboclaw_hardware_interface/cmake/roboclaw_hardware_interfaceConfig.cmake
-- Installing: /home/robot/sweepy_dev_ws/install/roboclaw_hardware_interface/share/roboclaw_hardware_interface/cmake/roboclaw_hardware_interfaceConfig-version.cmake
-- Installing: /home/robot/sweepy_dev_ws/install/roboclaw_hardware_interface/share/roboclaw_hardware_interface/package.xml
