[0.013s] Invoking command in '/home/robot/sweepy_dev_ws/build/roboclaw_hardware_interface': CMAKE_PREFIX_PATH=/opt/ros/humble:/home/robot/sweepy_dev_ws/install/roboclaw_serial:/home/robot/sweepy_dev_ws/install/sweepy_perception:/home/robot/sweepy_dev_ws/install/sweepy_nav:/home/robot/sweepy_dev_ws/install/sweepy_hardware_drivers:/home/robot/sweepy_dev_ws/install/sweepy_bringup:/home/robot/sweepy_dev_ws/install/roboclaw_hardware_interface:/home/robot/sweepy_dev_ws/install/mpu9250driver:/home/robot/sweepy_dev_ws/install/laser_filters:/home/robot/sweepy_ws/install/sweeper_bot:/home/robot/sweepy_ws/install/roboclaw_serial:/home/robot/sweepy_ws/install/roboclaw_hardware_interface:/home/robot/sweepy_ws/install/mpu9250driver:/home/robot/sweepy_ws/install/laser_filters /usr/bin/cmake /home/robot/sweepy_dev_ws/src/roboclaw_hardware_interface -DCMAKE_INSTALL_PREFIX=/home/robot/sweepy_dev_ws/install/roboclaw_hardware_interface
[0.198s] -- The C compiler identification is GNU 11.4.0
[0.323s] -- The CXX compiler identification is GNU 11.4.0
[0.343s] -- Detecting C compiler ABI info
[0.477s] -- Detecting C compiler ABI info - done
[0.490s] -- Check for working C compiler: /usr/bin/cc - skipped
[0.490s] -- Detecting C compile features
[0.492s] -- Detecting C compile features - done
[0.499s] -- Detecting CXX compiler ABI info
[0.658s] -- Detecting CXX compiler ABI info - done
[0.668s] -- Check for working CXX compiler: /usr/bin/c++ - skipped
[0.669s] -- Detecting CXX compile features
[0.670s] -- Detecting CXX compile features - done
[0.673s] -- Found ament_cmake: 1.3.11 (/opt/ros/humble/share/ament_cmake/cmake)
[0.948s] -- Found Python3: /usr/bin/python3 (found version "3.10.12") found components: Interpreter 
[1.087s] -- Found hardware_interface: 2.50.0 (/opt/ros/humble/share/hardware_interface/cmake)
[1.150s] -- Found rosidl_generator_c: 3.1.6 (/opt/ros/humble/share/rosidl_generator_c/cmake)
[1.157s] -- Found rosidl_adapter: 3.1.6 (/opt/ros/humble/share/rosidl_adapter/cmake)
[1.167s] -- Found rosidl_generator_cpp: 3.1.6 (/opt/ros/humble/share/rosidl_generator_cpp/cmake)
[1.185s] -- Using all available rosidl_typesupport_c: rosidl_typesupport_fastrtps_c;rosidl_typesupport_introspection_c
[1.215s] -- Using all available rosidl_typesupport_cpp: rosidl_typesupport_fastrtps_cpp;rosidl_typesupport_introspection_cpp
[1.527s] -- Found rmw_implementation_cmake: 6.1.2 (/opt/ros/humble/share/rmw_implementation_cmake/cmake)
[1.531s] -- Found rmw_fastrtps_cpp: 6.2.7 (/opt/ros/humble/share/rmw_fastrtps_cpp/cmake)
[1.565s] -- Found TinyXML2 via Config file: TinyXML2_DIR-NOTFOUND
[1.651s] -- Found OpenSSL: /usr/lib/x86_64-linux-gnu/libcrypto.so (found version "3.0.2")  
[1.656s] -- Found TinyXML2 via Config file: TinyXML2_DIR-NOTFOUND
[1.676s] -- Found FastRTPS: /opt/ros/humble/include  
[1.681s] -- Found TinyXML2 via Config file: TinyXML2_DIR-NOTFOUND
[1.696s] -- Found TinyXML2 via Config file: TinyXML2_DIR-NOTFOUND
[1.713s] -- Using RMW implementation 'rmw_fastrtps_cpp' as default
[1.729s] -- Looking for pthread.h
[1.839s] -- Looking for pthread.h - found
[1.840s] -- Performing Test CMAKE_HAVE_LIBC_PTHREAD
[1.955s] -- Performing Test CMAKE_HAVE_LIBC_PTHREAD - Success
[1.957s] -- Found Threads: TRUE  
[2.067s] -- Found ament_lint_auto: 0.12.12 (/opt/ros/humble/share/ament_lint_auto/cmake)
[2.182s] -- Added test 'copyright' to check source files copyright and LICENSE
[2.184s] -- Added test 'cppcheck' to perform static code analysis on C / C++ code
[2.185s] -- Configured cppcheck include dirs: /home/robot/sweepy_dev_ws/src/roboclaw_hardware_interface/include
[2.185s] -- Configured cppcheck exclude dirs and/or files: 
[2.188s] -- Added test 'cpplint' to check C / C++ code against the Google style
[2.188s] -- Configured cpplint exclude dirs and/or files: 
[2.188s] -- Added test 'lint_cmake' to check CMake code style
[2.192s] -- Added test 'uncrustify' to check C / C++ code style
[2.193s] -- Configured uncrustify additional arguments: 
[2.193s] -- Added test 'xmllint' to check XML markup files
[2.195s] -- Configuring done
[2.248s] -- Generating done
[2.255s] -- Build files have been written to: /home/robot/sweepy_dev_ws/build/roboclaw_hardware_interface
[2.270s] Invoked command in '/home/robot/sweepy_dev_ws/build/roboclaw_hardware_interface' returned '0': CMAKE_PREFIX_PATH=/opt/ros/humble:/home/robot/sweepy_dev_ws/install/roboclaw_serial:/home/robot/sweepy_dev_ws/install/sweepy_perception:/home/robot/sweepy_dev_ws/install/sweepy_nav:/home/robot/sweepy_dev_ws/install/sweepy_hardware_drivers:/home/robot/sweepy_dev_ws/install/sweepy_bringup:/home/robot/sweepy_dev_ws/install/roboclaw_hardware_interface:/home/robot/sweepy_dev_ws/install/mpu9250driver:/home/robot/sweepy_dev_ws/install/laser_filters:/home/robot/sweepy_ws/install/sweeper_bot:/home/robot/sweepy_ws/install/roboclaw_serial:/home/robot/sweepy_ws/install/roboclaw_hardware_interface:/home/robot/sweepy_ws/install/mpu9250driver:/home/robot/sweepy_ws/install/laser_filters /usr/bin/cmake /home/robot/sweepy_dev_ws/src/roboclaw_hardware_interface -DCMAKE_INSTALL_PREFIX=/home/robot/sweepy_dev_ws/install/roboclaw_hardware_interface
[2.272s] Invoking command in '/home/robot/sweepy_dev_ws/build/roboclaw_hardware_interface': CMAKE_PREFIX_PATH=/opt/ros/humble:/home/robot/sweepy_dev_ws/install/roboclaw_serial:/home/robot/sweepy_dev_ws/install/sweepy_perception:/home/robot/sweepy_dev_ws/install/sweepy_nav:/home/robot/sweepy_dev_ws/install/sweepy_hardware_drivers:/home/robot/sweepy_dev_ws/install/sweepy_bringup:/home/robot/sweepy_dev_ws/install/roboclaw_hardware_interface:/home/robot/sweepy_dev_ws/install/mpu9250driver:/home/robot/sweepy_dev_ws/install/laser_filters:/home/robot/sweepy_ws/install/sweeper_bot:/home/robot/sweepy_ws/install/roboclaw_serial:/home/robot/sweepy_ws/install/roboclaw_hardware_interface:/home/robot/sweepy_ws/install/mpu9250driver:/home/robot/sweepy_ws/install/laser_filters /usr/bin/cmake --build /home/robot/sweepy_dev_ws/build/roboclaw_hardware_interface -- -j8 -l8
[2.362s] [ 25%] [32mBuilding CXX object CMakeFiles/roboclaw_hardware_interface.dir/src/roboclaw_unit.cpp.o[0m
[2.362s] [ 50%] [32mBuilding CXX object CMakeFiles/roboclaw_hardware_interface.dir/src/motor_joint.cpp.o[0m
[2.362s] [ 75%] [32mBuilding CXX object CMakeFiles/roboclaw_hardware_interface.dir/src/roboclaw_hardware_interface.cpp.o[0m
[5.260s] [100%] [32m[1mLinking CXX shared library libroboclaw_hardware_interface.so[0m
[5.530s] [100%] Built target roboclaw_hardware_interface
[5.546s] Invoked command in '/home/robot/sweepy_dev_ws/build/roboclaw_hardware_interface' returned '0': CMAKE_PREFIX_PATH=/opt/ros/humble:/home/robot/sweepy_dev_ws/install/roboclaw_serial:/home/robot/sweepy_dev_ws/install/sweepy_perception:/home/robot/sweepy_dev_ws/install/sweepy_nav:/home/robot/sweepy_dev_ws/install/sweepy_hardware_drivers:/home/robot/sweepy_dev_ws/install/sweepy_bringup:/home/robot/sweepy_dev_ws/install/roboclaw_hardware_interface:/home/robot/sweepy_dev_ws/install/mpu9250driver:/home/robot/sweepy_dev_ws/install/laser_filters:/home/robot/sweepy_ws/install/sweeper_bot:/home/robot/sweepy_ws/install/roboclaw_serial:/home/robot/sweepy_ws/install/roboclaw_hardware_interface:/home/robot/sweepy_ws/install/mpu9250driver:/home/robot/sweepy_ws/install/laser_filters /usr/bin/cmake --build /home/robot/sweepy_dev_ws/build/roboclaw_hardware_interface -- -j8 -l8
[5.549s] Invoking command in '/home/robot/sweepy_dev_ws/build/roboclaw_hardware_interface': CMAKE_PREFIX_PATH=/opt/ros/humble:/home/robot/sweepy_dev_ws/install/roboclaw_serial:/home/robot/sweepy_dev_ws/install/sweepy_perception:/home/robot/sweepy_dev_ws/install/sweepy_nav:/home/robot/sweepy_dev_ws/install/sweepy_hardware_drivers:/home/robot/sweepy_dev_ws/install/sweepy_bringup:/home/robot/sweepy_dev_ws/install/roboclaw_hardware_interface:/home/robot/sweepy_dev_ws/install/mpu9250driver:/home/robot/sweepy_dev_ws/install/laser_filters:/home/robot/sweepy_ws/install/sweeper_bot:/home/robot/sweepy_ws/install/roboclaw_serial:/home/robot/sweepy_ws/install/roboclaw_hardware_interface:/home/robot/sweepy_ws/install/mpu9250driver:/home/robot/sweepy_ws/install/laser_filters /usr/bin/cmake --install /home/robot/sweepy_dev_ws/build/roboclaw_hardware_interface
[5.559s] -- Install configuration: ""
[5.559s] -- Installing: /home/robot/sweepy_dev_ws/install/roboclaw_hardware_interface/share/roboclaw_hardware_interface/roboclaw_hardware_interface.xml
[5.560s] -- Installing: /home/robot/sweepy_dev_ws/install/roboclaw_hardware_interface/lib/libroboclaw_hardware_interface.so
[5.562s] -- Set runtime path of "/home/robot/sweepy_dev_ws/install/roboclaw_hardware_interface/lib/libroboclaw_hardware_interface.so" to ""
[5.562s] -- Up-to-date: /home/robot/sweepy_dev_ws/install/roboclaw_hardware_interface/share/roboclaw_hardware_interface/roboclaw_hardware_interface.xml
[5.562s] -- Installing: /home/robot/sweepy_dev_ws/install/roboclaw_hardware_interface/share/ament_index/resource_index/package_run_dependencies/roboclaw_hardware_interface
[5.563s] -- Installing: /home/robot/sweepy_dev_ws/install/roboclaw_hardware_interface/share/ament_index/resource_index/parent_prefix_path/roboclaw_hardware_interface
[5.563s] -- Installing: /home/robot/sweepy_dev_ws/install/roboclaw_hardware_interface/share/roboclaw_hardware_interface/environment/ament_prefix_path.sh
[5.563s] -- Installing: /home/robot/sweepy_dev_ws/install/roboclaw_hardware_interface/share/roboclaw_hardware_interface/environment/ament_prefix_path.dsv
[5.563s] -- Installing: /home/robot/sweepy_dev_ws/install/roboclaw_hardware_interface/share/roboclaw_hardware_interface/environment/path.sh
[5.563s] -- Installing: /home/robot/sweepy_dev_ws/install/roboclaw_hardware_interface/share/roboclaw_hardware_interface/environment/path.dsv
[5.564s] -- Installing: /home/robot/sweepy_dev_ws/install/roboclaw_hardware_interface/share/roboclaw_hardware_interface/local_setup.bash
[5.564s] -- Installing: /home/robot/sweepy_dev_ws/install/roboclaw_hardware_interface/share/roboclaw_hardware_interface/local_setup.sh
[5.564s] -- Installing: /home/robot/sweepy_dev_ws/install/roboclaw_hardware_interface/share/roboclaw_hardware_interface/local_setup.zsh
[5.564s] -- Installing: /home/robot/sweepy_dev_ws/install/roboclaw_hardware_interface/share/roboclaw_hardware_interface/local_setup.dsv
[5.564s] -- Installing: /home/robot/sweepy_dev_ws/install/roboclaw_hardware_interface/share/roboclaw_hardware_interface/package.dsv
[5.564s] -- Installing: /home/robot/sweepy_dev_ws/install/roboclaw_hardware_interface/share/ament_index/resource_index/packages/roboclaw_hardware_interface
[5.565s] -- Installing: /home/robot/sweepy_dev_ws/install/roboclaw_hardware_interface/share/ament_index/resource_index/hardware_interface__pluginlib__plugin/roboclaw_hardware_interface
[5.565s] -- Installing: /home/robot/sweepy_dev_ws/install/roboclaw_hardware_interface/share/roboclaw_hardware_interface/cmake/roboclaw_hardware_interfaceConfig.cmake
[5.565s] -- Installing: /home/robot/sweepy_dev_ws/install/roboclaw_hardware_interface/share/roboclaw_hardware_interface/cmake/roboclaw_hardware_interfaceConfig-version.cmake
[5.565s] -- Installing: /home/robot/sweepy_dev_ws/install/roboclaw_hardware_interface/share/roboclaw_hardware_interface/package.xml
[5.568s] Invoked command in '/home/robot/sweepy_dev_ws/build/roboclaw_hardware_interface' returned '0': CMAKE_PREFIX_PATH=/opt/ros/humble:/home/robot/sweepy_dev_ws/install/roboclaw_serial:/home/robot/sweepy_dev_ws/install/sweepy_perception:/home/robot/sweepy_dev_ws/install/sweepy_nav:/home/robot/sweepy_dev_ws/install/sweepy_hardware_drivers:/home/robot/sweepy_dev_ws/install/sweepy_bringup:/home/robot/sweepy_dev_ws/install/roboclaw_hardware_interface:/home/robot/sweepy_dev_ws/install/mpu9250driver:/home/robot/sweepy_dev_ws/install/laser_filters:/home/robot/sweepy_ws/install/sweeper_bot:/home/robot/sweepy_ws/install/roboclaw_serial:/home/robot/sweepy_ws/install/roboclaw_hardware_interface:/home/robot/sweepy_ws/install/mpu9250driver:/home/robot/sweepy_ws/install/laser_filters /usr/bin/cmake --install /home/robot/sweepy_dev_ws/build/roboclaw_hardware_interface
