-- Install configuration: ""
-- Up-to-date: /home/robot/sweepy_dev_ws/install/sweepy_perception/share/sweepy_perception/src
-- Up-to-date: /home/robot/sweepy_dev_ws/install/sweepy_perception/share/sweepy_perception/launch
-- Up-to-date: /home/robot/sweepy_dev_ws/install/sweepy_perception/share/sweepy_perception/launch/sick_tim_7xx.launch.py
-- Up-to-date: /home/robot/sweepy_dev_ws/install/sweepy_perception/share/sweepy_perception/config
-- Up-to-date: /home/robot/sweepy_dev_ws/install/sweepy_perception/share/sweepy_perception/config/scan_filter_params.yaml
-- Up-to-date: /home/robot/sweepy_dev_ws/install/sweepy_perception/share/ament_index/resource_index/package_run_dependencies/sweepy_perception
-- Up-to-date: /home/robot/sweepy_dev_ws/install/sweepy_perception/share/ament_index/resource_index/parent_prefix_path/sweepy_perception
-- Up-to-date: /home/robot/sweepy_dev_ws/install/sweepy_perception/share/sweepy_perception/environment/ament_prefix_path.sh
-- Up-to-date: /home/robot/sweepy_dev_ws/install/sweepy_perception/share/sweepy_perception/environment/ament_prefix_path.dsv
-- Up-to-date: /home/robot/sweepy_dev_ws/install/sweepy_perception/share/sweepy_perception/environment/path.sh
-- Up-to-date: /home/robot/sweepy_dev_ws/install/sweepy_perception/share/sweepy_perception/environment/path.dsv
-- Up-to-date: /home/robot/sweepy_dev_ws/install/sweepy_perception/share/sweepy_perception/local_setup.bash
-- Up-to-date: /home/robot/sweepy_dev_ws/install/sweepy_perception/share/sweepy_perception/local_setup.sh
-- Up-to-date: /home/robot/sweepy_dev_ws/install/sweepy_perception/share/sweepy_perception/local_setup.zsh
-- Up-to-date: /home/robot/sweepy_dev_ws/install/sweepy_perception/share/sweepy_perception/local_setup.dsv
-- Up-to-date: /home/robot/sweepy_dev_ws/install/sweepy_perception/share/sweepy_perception/package.dsv
-- Up-to-date: /home/robot/sweepy_dev_ws/install/sweepy_perception/share/ament_index/resource_index/packages/sweepy_perception
-- Up-to-date: /home/robot/sweepy_dev_ws/install/sweepy_perception/share/sweepy_perception/cmake/sweepy_perceptionConfig.cmake
-- Up-to-date: /home/robot/sweepy_dev_ws/install/sweepy_perception/share/sweepy_perception/cmake/sweepy_perceptionConfig-version.cmake
-- Up-to-date: /home/robot/sweepy_dev_ws/install/sweepy_perception/share/sweepy_perception/package.xml
