-- The CXX compiler identification is GNU 11.4.0
-- Detecting CXX compiler ABI info
-- Detecting CXX compiler ABI info - done
-- Check for working CXX compiler: /usr/bin/c++ - skipped
-- Detecting CXX compile features
-- Detecting CXX compile features - done
-- Found GTest: /usr/lib/x86_64-linux-gnu/cmake/GTest/GTestConfig.cmake (found version "1.11.0")  
-- Configuring done
-- Generating done
-- Build files have been written to: /home/robot/sweepy_dev_ws/build/roboclaw_serial
[ 50%] [32mBuilding CXX object CMakeFiles/test_roboclaw_serial.dir/test/test_main.cpp.o[0m
[100%] [32m[1mLinking CXX executable test_roboclaw_serial[0m
[100%] Built target test_roboclaw_serial
-- Install configuration: ""
-- Installing: /home/robot/sweepy_dev_ws/install/roboclaw_serial/include/roboclaw_serial
-- Installing: /home/robot/sweepy_dev_ws/install/roboclaw_serial/include/roboclaw_serial/serialized_buffer.hpp
-- Installing: /home/robot/sweepy_dev_ws/install/roboclaw_serial/include/roboclaw_serial/crc.hpp
-- Installing: /home/robot/sweepy_dev_ws/install/roboclaw_serial/include/roboclaw_serial/device.hpp
-- Installing: /home/robot/sweepy_dev_ws/install/roboclaw_serial/include/roboclaw_serial/interface.hpp
-- Installing: /home/robot/sweepy_dev_ws/install/roboclaw_serial/include/roboclaw_serial/command.hpp
-- Installing: /home/robot/sweepy_dev_ws/install/roboclaw_serial/lib/cmake/roboclaw_serial/roboclaw_serialConfig.cmake
