[0.061s] Invoking command in '/home/robot/sweepy_dev_ws/build/sweepy_hardware_drivers': CMAKE_PREFIX_PATH=/home/robot/sweepy_dev_ws/install/sweepy_perception:/home/robot/sweepy_dev_ws/install/sweepy_nav:/home/robot/sweepy_dev_ws/install/sweepy_hardware_drivers:/home/robot/sweepy_dev_ws/install/sweepy_bringup:/opt/ros/humble:/home/robot/sweepy_dev_ws/install/roboclaw_serial:/home/robot/sweepy_dev_ws/install/roboclaw_hardware_interface:/home/robot/sweepy_dev_ws/install/mpu9250driver:/home/robot/sweepy_dev_ws/install/laser_filters:/home/robot/sweepy_ws/install/sweeper_bot:/home/robot/sweepy_ws/install/roboclaw_serial:/home/robot/sweepy_ws/install/roboclaw_hardware_interface:/home/robot/sweepy_ws/install/mpu9250driver:/home/robot/sweepy_ws/install/laser_filters /usr/bin/cmake --build /home/robot/sweepy_dev_ws/build/sweepy_hardware_drivers -- -j8 -l8
[0.117s] -- Found ament_cmake: 1.3.11 (/opt/ros/humble/share/ament_cmake/cmake)
[0.402s] -- Found rclpy: 3.3.16 (/opt/ros/humble/share/rclpy/cmake)
[0.403s] -- Found ament_lint_auto: 0.12.12 (/opt/ros/humble/share/ament_lint_auto/cmake)
[0.512s] -- Added test 'flake8' to check Python code syntax and style conventions
[0.514s] -- Added test 'lint_cmake' to check CMake code style
[0.514s] -- Added test 'pep257' to check Python code against some of the docstring style conventions in PEP 257
[0.518s] -- Added test 'xmllint' to check XML markup files
[0.518s] -- Configuring done
[0.521s] -- Generating done
[0.523s] -- Build files have been written to: /home/robot/sweepy_dev_ws/build/sweepy_hardware_drivers
[0.552s] Invoked command in '/home/robot/sweepy_dev_ws/build/sweepy_hardware_drivers' returned '0': CMAKE_PREFIX_PATH=/home/robot/sweepy_dev_ws/install/sweepy_perception:/home/robot/sweepy_dev_ws/install/sweepy_nav:/home/robot/sweepy_dev_ws/install/sweepy_hardware_drivers:/home/robot/sweepy_dev_ws/install/sweepy_bringup:/opt/ros/humble:/home/robot/sweepy_dev_ws/install/roboclaw_serial:/home/robot/sweepy_dev_ws/install/roboclaw_hardware_interface:/home/robot/sweepy_dev_ws/install/mpu9250driver:/home/robot/sweepy_dev_ws/install/laser_filters:/home/robot/sweepy_ws/install/sweeper_bot:/home/robot/sweepy_ws/install/roboclaw_serial:/home/robot/sweepy_ws/install/roboclaw_hardware_interface:/home/robot/sweepy_ws/install/mpu9250driver:/home/robot/sweepy_ws/install/laser_filters /usr/bin/cmake --build /home/robot/sweepy_dev_ws/build/sweepy_hardware_drivers -- -j8 -l8
[0.554s] Invoking command in '/home/robot/sweepy_dev_ws/build/sweepy_hardware_drivers': CMAKE_PREFIX_PATH=/home/robot/sweepy_dev_ws/install/sweepy_perception:/home/robot/sweepy_dev_ws/install/sweepy_nav:/home/robot/sweepy_dev_ws/install/sweepy_hardware_drivers:/home/robot/sweepy_dev_ws/install/sweepy_bringup:/opt/ros/humble:/home/robot/sweepy_dev_ws/install/roboclaw_serial:/home/robot/sweepy_dev_ws/install/roboclaw_hardware_interface:/home/robot/sweepy_dev_ws/install/mpu9250driver:/home/robot/sweepy_dev_ws/install/laser_filters:/home/robot/sweepy_ws/install/sweeper_bot:/home/robot/sweepy_ws/install/roboclaw_serial:/home/robot/sweepy_ws/install/roboclaw_hardware_interface:/home/robot/sweepy_ws/install/mpu9250driver:/home/robot/sweepy_ws/install/laser_filters /usr/bin/cmake --install /home/robot/sweepy_dev_ws/build/sweepy_hardware_drivers
[0.565s] -- Install configuration: ""
[0.565s] -- Up-to-date: /home/robot/sweepy_dev_ws/install/sweepy_hardware_drivers/share/sweepy_hardware_drivers/src
[0.565s] -- Up-to-date: /home/robot/sweepy_dev_ws/install/sweepy_hardware_drivers/share/sweepy_hardware_drivers/config
[0.565s] -- Up-to-date: /home/robot/sweepy_dev_ws/install/sweepy_hardware_drivers/share/sweepy_hardware_drivers/config/roboclaw_controllers.yaml
[0.566s] -- Up-to-date: /home/robot/sweepy_dev_ws/install/sweepy_hardware_drivers/share/sweepy_hardware_drivers/config/joystick.yaml
[0.566s] -- Up-to-date: /home/robot/sweepy_dev_ws/install/sweepy_hardware_drivers/share/sweepy_hardware_drivers/launch
[0.566s] -- Installing: /home/robot/sweepy_dev_ws/install/sweepy_hardware_drivers/share/sweepy_hardware_drivers/launch/relay_controller_launch.py
[0.566s] -- Installing: /home/robot/sweepy_dev_ws/install/sweepy_hardware_drivers/share/sweepy_hardware_drivers/launch/joystick_launch.py
[0.567s] -- Installing: /home/robot/sweepy_dev_ws/install/sweepy_hardware_drivers/lib/sweepy_hardware_drivers/relay_controller_node.py
[0.567s] -- Up-to-date: /home/robot/sweepy_dev_ws/install/sweepy_hardware_drivers/share/ament_index/resource_index/package_run_dependencies/sweepy_hardware_drivers
[0.567s] -- Up-to-date: /home/robot/sweepy_dev_ws/install/sweepy_hardware_drivers/share/ament_index/resource_index/parent_prefix_path/sweepy_hardware_drivers
[0.567s] -- Up-to-date: /home/robot/sweepy_dev_ws/install/sweepy_hardware_drivers/share/sweepy_hardware_drivers/environment/ament_prefix_path.sh
[0.567s] -- Installing: /home/robot/sweepy_dev_ws/install/sweepy_hardware_drivers/share/sweepy_hardware_drivers/environment/ament_prefix_path.dsv
[0.567s] -- Up-to-date: /home/robot/sweepy_dev_ws/install/sweepy_hardware_drivers/share/sweepy_hardware_drivers/environment/path.sh
[0.567s] -- Installing: /home/robot/sweepy_dev_ws/install/sweepy_hardware_drivers/share/sweepy_hardware_drivers/environment/path.dsv
[0.568s] -- Up-to-date: /home/robot/sweepy_dev_ws/install/sweepy_hardware_drivers/share/sweepy_hardware_drivers/local_setup.bash
[0.568s] -- Up-to-date: /home/robot/sweepy_dev_ws/install/sweepy_hardware_drivers/share/sweepy_hardware_drivers/local_setup.sh
[0.568s] -- Up-to-date: /home/robot/sweepy_dev_ws/install/sweepy_hardware_drivers/share/sweepy_hardware_drivers/local_setup.zsh
[0.568s] -- Installing: /home/robot/sweepy_dev_ws/install/sweepy_hardware_drivers/share/sweepy_hardware_drivers/local_setup.dsv
[0.568s] -- Installing: /home/robot/sweepy_dev_ws/install/sweepy_hardware_drivers/share/sweepy_hardware_drivers/package.dsv
[0.568s] -- Up-to-date: /home/robot/sweepy_dev_ws/install/sweepy_hardware_drivers/share/ament_index/resource_index/packages/sweepy_hardware_drivers
[0.568s] -- Up-to-date: /home/robot/sweepy_dev_ws/install/sweepy_hardware_drivers/share/sweepy_hardware_drivers/cmake/sweepy_hardware_driversConfig.cmake
[0.569s] -- Up-to-date: /home/robot/sweepy_dev_ws/install/sweepy_hardware_drivers/share/sweepy_hardware_drivers/cmake/sweepy_hardware_driversConfig-version.cmake
[0.569s] -- Up-to-date: /home/robot/sweepy_dev_ws/install/sweepy_hardware_drivers/share/sweepy_hardware_drivers/package.xml
[0.571s] Invoked command in '/home/robot/sweepy_dev_ws/build/sweepy_hardware_drivers' returned '0': CMAKE_PREFIX_PATH=/home/robot/sweepy_dev_ws/install/sweepy_perception:/home/robot/sweepy_dev_ws/install/sweepy_nav:/home/robot/sweepy_dev_ws/install/sweepy_hardware_drivers:/home/robot/sweepy_dev_ws/install/sweepy_bringup:/opt/ros/humble:/home/robot/sweepy_dev_ws/install/roboclaw_serial:/home/robot/sweepy_dev_ws/install/roboclaw_hardware_interface:/home/robot/sweepy_dev_ws/install/mpu9250driver:/home/robot/sweepy_dev_ws/install/laser_filters:/home/robot/sweepy_ws/install/sweeper_bot:/home/robot/sweepy_ws/install/roboclaw_serial:/home/robot/sweepy_ws/install/roboclaw_hardware_interface:/home/robot/sweepy_ws/install/mpu9250driver:/home/robot/sweepy_ws/install/laser_filters /usr/bin/cmake --install /home/robot/sweepy_dev_ws/build/sweepy_hardware_drivers
