[0.059s] Invoking command in '/home/robot/sweepy_dev_ws/build/sweepy_hardware_drivers': CMAKE_PREFIX_PATH=/home/robot/sweepy_dev_ws/install/sweepy_perception:/home/robot/sweepy_dev_ws/install/sweepy_nav:/home/robot/sweepy_dev_ws/install/sweepy_hardware_drivers:/home/robot/sweepy_dev_ws/install/sweepy_bringup:/opt/ros/humble:/home/robot/sweepy_dev_ws/install/roboclaw_serial:/home/robot/sweepy_dev_ws/install/roboclaw_hardware_interface:/home/robot/sweepy_dev_ws/install/mpu9250driver:/home/robot/sweepy_dev_ws/install/laser_filters:/home/robot/sweepy_ws/install/sweeper_bot:/home/robot/sweepy_ws/install/roboclaw_serial:/home/robot/sweepy_ws/install/roboclaw_hardware_interface:/home/robot/sweepy_ws/install/mpu9250driver:/home/robot/sweepy_ws/install/laser_filters /usr/bin/cmake --build /home/robot/sweepy_dev_ws/build/sweepy_hardware_drivers -- -j8 -l8
[0.198s] Invoked command in '/home/robot/sweepy_dev_ws/build/sweepy_hardware_drivers' returned '0': CMAKE_PREFIX_PATH=/home/robot/sweepy_dev_ws/install/sweepy_perception:/home/robot/sweepy_dev_ws/install/sweepy_nav:/home/robot/sweepy_dev_ws/install/sweepy_hardware_drivers:/home/robot/sweepy_dev_ws/install/sweepy_bringup:/opt/ros/humble:/home/robot/sweepy_dev_ws/install/roboclaw_serial:/home/robot/sweepy_dev_ws/install/roboclaw_hardware_interface:/home/robot/sweepy_dev_ws/install/mpu9250driver:/home/robot/sweepy_dev_ws/install/laser_filters:/home/robot/sweepy_ws/install/sweeper_bot:/home/robot/sweepy_ws/install/roboclaw_serial:/home/robot/sweepy_ws/install/roboclaw_hardware_interface:/home/robot/sweepy_ws/install/mpu9250driver:/home/robot/sweepy_ws/install/laser_filters /usr/bin/cmake --build /home/robot/sweepy_dev_ws/build/sweepy_hardware_drivers -- -j8 -l8
[0.204s] Invoking command in '/home/robot/sweepy_dev_ws/build/sweepy_hardware_drivers': CMAKE_PREFIX_PATH=/home/robot/sweepy_dev_ws/install/sweepy_perception:/home/robot/sweepy_dev_ws/install/sweepy_nav:/home/robot/sweepy_dev_ws/install/sweepy_hardware_drivers:/home/robot/sweepy_dev_ws/install/sweepy_bringup:/opt/ros/humble:/home/robot/sweepy_dev_ws/install/roboclaw_serial:/home/robot/sweepy_dev_ws/install/roboclaw_hardware_interface:/home/robot/sweepy_dev_ws/install/mpu9250driver:/home/robot/sweepy_dev_ws/install/laser_filters:/home/robot/sweepy_ws/install/sweeper_bot:/home/robot/sweepy_ws/install/roboclaw_serial:/home/robot/sweepy_ws/install/roboclaw_hardware_interface:/home/robot/sweepy_ws/install/mpu9250driver:/home/robot/sweepy_ws/install/laser_filters /usr/bin/cmake --install /home/robot/sweepy_dev_ws/build/sweepy_hardware_drivers
[0.220s] -- Install configuration: ""
[0.223s] -- Up-to-date: /home/robot/sweepy_dev_ws/install/sweepy_hardware_drivers/share/sweepy_hardware_drivers/src
[0.223s] -- Up-to-date: /home/robot/sweepy_dev_ws/install/sweepy_hardware_drivers/share/sweepy_hardware_drivers/config
[0.223s] -- Up-to-date: /home/robot/sweepy_dev_ws/install/sweepy_hardware_drivers/share/sweepy_hardware_drivers/config/roboclaw_controllers.yaml
[0.223s] -- Up-to-date: /home/robot/sweepy_dev_ws/install/sweepy_hardware_drivers/share/sweepy_hardware_drivers/config/joystick.yaml
[0.224s] -- Up-to-date: /home/robot/sweepy_dev_ws/install/sweepy_hardware_drivers/share/sweepy_hardware_drivers/launch
[0.224s] -- Up-to-date: /home/robot/sweepy_dev_ws/install/sweepy_hardware_drivers/share/sweepy_hardware_drivers/launch/relay_controller_launch.py
[0.224s] -- Up-to-date: /home/robot/sweepy_dev_ws/install/sweepy_hardware_drivers/share/sweepy_hardware_drivers/launch/joystick_launch.py
[0.225s] -- Up-to-date: /home/robot/sweepy_dev_ws/install/sweepy_hardware_drivers/lib/sweepy_hardware_drivers/relay_controller_node.py
[0.225s] -- Up-to-date: /home/robot/sweepy_dev_ws/install/sweepy_hardware_drivers/share/ament_index/resource_index/package_run_dependencies/sweepy_hardware_drivers
[0.225s] -- Up-to-date: /home/robot/sweepy_dev_ws/install/sweepy_hardware_drivers/share/ament_index/resource_index/parent_prefix_path/sweepy_hardware_drivers
[0.226s] -- Up-to-date: /home/robot/sweepy_dev_ws/install/sweepy_hardware_drivers/share/sweepy_hardware_drivers/environment/ament_prefix_path.sh
[0.226s] -- Up-to-date: /home/robot/sweepy_dev_ws/install/sweepy_hardware_drivers/share/sweepy_hardware_drivers/environment/ament_prefix_path.dsv
[0.226s] -- Up-to-date: /home/robot/sweepy_dev_ws/install/sweepy_hardware_drivers/share/sweepy_hardware_drivers/environment/path.sh
[0.226s] -- Up-to-date: /home/robot/sweepy_dev_ws/install/sweepy_hardware_drivers/share/sweepy_hardware_drivers/environment/path.dsv
[0.226s] -- Up-to-date: /home/robot/sweepy_dev_ws/install/sweepy_hardware_drivers/share/sweepy_hardware_drivers/local_setup.bash
[0.227s] -- Up-to-date: /home/robot/sweepy_dev_ws/install/sweepy_hardware_drivers/share/sweepy_hardware_drivers/local_setup.sh
[0.227s] -- Up-to-date: /home/robot/sweepy_dev_ws/install/sweepy_hardware_drivers/share/sweepy_hardware_drivers/local_setup.zsh
[0.227s] -- Up-to-date: /home/robot/sweepy_dev_ws/install/sweepy_hardware_drivers/share/sweepy_hardware_drivers/local_setup.dsv
[0.227s] -- Installing: /home/robot/sweepy_dev_ws/install/sweepy_hardware_drivers/share/sweepy_hardware_drivers/package.dsv
[0.227s] -- Up-to-date: /home/robot/sweepy_dev_ws/install/sweepy_hardware_drivers/share/ament_index/resource_index/packages/sweepy_hardware_drivers
[0.227s] -- Up-to-date: /home/robot/sweepy_dev_ws/install/sweepy_hardware_drivers/share/sweepy_hardware_drivers/cmake/sweepy_hardware_driversConfig.cmake
[0.228s] -- Up-to-date: /home/robot/sweepy_dev_ws/install/sweepy_hardware_drivers/share/sweepy_hardware_drivers/cmake/sweepy_hardware_driversConfig-version.cmake
[0.228s] -- Up-to-date: /home/robot/sweepy_dev_ws/install/sweepy_hardware_drivers/share/sweepy_hardware_drivers/package.xml
[0.342s] Invoked command in '/home/robot/sweepy_dev_ws/build/sweepy_hardware_drivers' returned '0': CMAKE_PREFIX_PATH=/home/robot/sweepy_dev_ws/install/sweepy_perception:/home/robot/sweepy_dev_ws/install/sweepy_nav:/home/robot/sweepy_dev_ws/install/sweepy_hardware_drivers:/home/robot/sweepy_dev_ws/install/sweepy_bringup:/opt/ros/humble:/home/robot/sweepy_dev_ws/install/roboclaw_serial:/home/robot/sweepy_dev_ws/install/roboclaw_hardware_interface:/home/robot/sweepy_dev_ws/install/mpu9250driver:/home/robot/sweepy_dev_ws/install/laser_filters:/home/robot/sweepy_ws/install/sweeper_bot:/home/robot/sweepy_ws/install/roboclaw_serial:/home/robot/sweepy_ws/install/roboclaw_hardware_interface:/home/robot/sweepy_ws/install/mpu9250driver:/home/robot/sweepy_ws/install/laser_filters /usr/bin/cmake --install /home/robot/sweepy_dev_ws/build/sweepy_hardware_drivers
