-- Install configuration: ""
-- Up-to-date: /home/robot/sweepy_dev_ws/install/sweepy_bringup/share/sweepy_bringup/src
-- Up-to-date: /home/robot/sweepy_dev_ws/install/sweepy_bringup/share/sweepy_bringup/launch
-- Up-to-date: /home/robot/sweepy_dev_ws/install/sweepy_bringup/share/sweepy_bringup/launch/sweepy_bringup.launch.py
-- Up-to-date: /home/robot/sweepy_dev_ws/install/sweepy_bringup/share/sweepy_bringup/launch/rsp.launch.py
-- Installing: /home/robot/sweepy_dev_ws/install/sweepy_bringup/share/sweepy_bringup/launch/sweepy_spawn.launch.py
-- Up-to-date: /home/robot/sweepy_dev_ws/install/sweepy_bringup/share/sweepy_bringup/worlds
-- Up-to-date: /home/robot/sweepy_dev_ws/install/sweepy_bringup/share/sweepy_bringup/worlds/empty.world
-- Up-to-date: /home/robot/sweepy_dev_ws/install/sweepy_bringup/share/sweepy_bringup/urdf
-- Up-to-date: /home/robot/sweepy_dev_ws/install/sweepy_bringup/share/sweepy_bringup/urdf/intertial_macros.xacro
-- Up-to-date: /home/robot/sweepy_dev_ws/install/sweepy_bringup/share/sweepy_bringup/urdf/gazebo_control.xacro
-- Up-to-date: /home/robot/sweepy_dev_ws/install/sweepy_bringup/share/sweepy_bringup/urdf/robot.urdf.xacro
-- Up-to-date: /home/robot/sweepy_dev_ws/install/sweepy_bringup/share/sweepy_bringup/urdf/ros2_control.xacro
-- Up-to-date: /home/robot/sweepy_dev_ws/install/sweepy_bringup/share/sweepy_bringup/urdf/robot_core.xacro
-- Up-to-date: /home/robot/sweepy_dev_ws/install/sweepy_bringup/share/sweepy_bringup/urdf/sick.xacro
-- Up-to-date: /home/robot/sweepy_dev_ws/install/sweepy_bringup/share/sweepy_bringup/rviz
-- Installing: /home/robot/sweepy_dev_ws/install/sweepy_bringup/share/sweepy_bringup/rviz/spawn.rviz
-- Up-to-date: /home/robot/sweepy_dev_ws/install/sweepy_bringup/share/ament_index/resource_index/package_run_dependencies/sweepy_bringup
-- Up-to-date: /home/robot/sweepy_dev_ws/install/sweepy_bringup/share/ament_index/resource_index/parent_prefix_path/sweepy_bringup
-- Up-to-date: /home/robot/sweepy_dev_ws/install/sweepy_bringup/share/sweepy_bringup/environment/ament_prefix_path.sh
-- Up-to-date: /home/robot/sweepy_dev_ws/install/sweepy_bringup/share/sweepy_bringup/environment/ament_prefix_path.dsv
-- Up-to-date: /home/robot/sweepy_dev_ws/install/sweepy_bringup/share/sweepy_bringup/environment/path.sh
-- Up-to-date: /home/robot/sweepy_dev_ws/install/sweepy_bringup/share/sweepy_bringup/environment/path.dsv
-- Up-to-date: /home/robot/sweepy_dev_ws/install/sweepy_bringup/share/sweepy_bringup/local_setup.bash
-- Up-to-date: /home/robot/sweepy_dev_ws/install/sweepy_bringup/share/sweepy_bringup/local_setup.sh
-- Up-to-date: /home/robot/sweepy_dev_ws/install/sweepy_bringup/share/sweepy_bringup/local_setup.zsh
-- Up-to-date: /home/robot/sweepy_dev_ws/install/sweepy_bringup/share/sweepy_bringup/local_setup.dsv
-- Installing: /home/robot/sweepy_dev_ws/install/sweepy_bringup/share/sweepy_bringup/package.dsv
-- Up-to-date: /home/robot/sweepy_dev_ws/install/sweepy_bringup/share/ament_index/resource_index/packages/sweepy_bringup
-- Up-to-date: /home/robot/sweepy_dev_ws/install/sweepy_bringup/share/sweepy_bringup/cmake/sweepy_bringupConfig.cmake
-- Up-to-date: /home/robot/sweepy_dev_ws/install/sweepy_bringup/share/sweepy_bringup/cmake/sweepy_bringupConfig-version.cmake
-- Up-to-date: /home/robot/sweepy_dev_ws/install/sweepy_bringup/share/sweepy_bringup/package.xml
