[0.062s] Invoking command in '/home/robot/sweepy_dev_ws/build/sweepy_bringup': CMAKE_PREFIX_PATH=/home/robot/sweepy_dev_ws/install/sweepy_perception:/home/robot/sweepy_dev_ws/install/sweepy_nav:/home/robot/sweepy_dev_ws/install/sweepy_hardware_drivers:/home/robot/sweepy_dev_ws/install/sweepy_bringup:/opt/ros/humble:/home/robot/sweepy_dev_ws/install/roboclaw_serial:/home/robot/sweepy_dev_ws/install/roboclaw_hardware_interface:/home/robot/sweepy_dev_ws/install/mpu9250driver:/home/robot/sweepy_dev_ws/install/laser_filters:/home/robot/sweepy_ws/install/sweeper_bot:/home/robot/sweepy_ws/install/roboclaw_serial:/home/robot/sweepy_ws/install/roboclaw_hardware_interface:/home/robot/sweepy_ws/install/mpu9250driver:/home/robot/sweepy_ws/install/laser_filters /usr/bin/cmake --build /home/robot/sweepy_dev_ws/build/sweepy_bringup -- -j8 -l8
[0.118s] -- Found ament_cmake: 1.3.11 (/opt/ros/humble/share/ament_cmake/cmake)
[0.363s] -- Found rclpy: 3.3.16 (/opt/ros/humble/share/rclpy/cmake)
[0.363s] -- Found sensor_msgs: 4.8.0 (/opt/ros/humble/share/sensor_msgs/cmake)
[0.413s] -- Found rosidl_generator_c: 3.1.6 (/opt/ros/humble/share/rosidl_generator_c/cmake)
[0.418s] -- Found rosidl_adapter: 3.1.6 (/opt/ros/humble/share/rosidl_adapter/cmake)
[0.432s] -- Found rosidl_generator_cpp: 3.1.6 (/opt/ros/humble/share/rosidl_generator_cpp/cmake)
[0.449s] -- Using all available rosidl_typesupport_c: rosidl_typesupport_fastrtps_c;rosidl_typesupport_introspection_c
[0.468s] -- Using all available rosidl_typesupport_cpp: rosidl_typesupport_fastrtps_cpp;rosidl_typesupport_introspection_cpp
[0.556s] -- Found ros2_control: 2.50.0 (/opt/ros/humble/share/ros2_control/cmake)
[0.556s] -- Found ros2_controllers: 2.44.0 (/opt/ros/humble/share/ros2_controllers/cmake)
[0.556s] -- Found ament_lint_auto: 0.12.12 (/opt/ros/humble/share/ament_lint_auto/cmake)
[0.649s] -- Added test 'flake8' to check Python code syntax and style conventions
[0.650s] -- Added test 'lint_cmake' to check CMake code style
[0.650s] -- Added test 'pep257' to check Python code against some of the docstring style conventions in PEP 257
[0.652s] -- Added test 'xmllint' to check XML markup files
[0.653s] -- Configuring done
[0.657s] -- Generating done
[0.659s] -- Build files have been written to: /home/robot/sweepy_dev_ws/build/sweepy_bringup
[0.687s] Invoked command in '/home/robot/sweepy_dev_ws/build/sweepy_bringup' returned '0': CMAKE_PREFIX_PATH=/home/robot/sweepy_dev_ws/install/sweepy_perception:/home/robot/sweepy_dev_ws/install/sweepy_nav:/home/robot/sweepy_dev_ws/install/sweepy_hardware_drivers:/home/robot/sweepy_dev_ws/install/sweepy_bringup:/opt/ros/humble:/home/robot/sweepy_dev_ws/install/roboclaw_serial:/home/robot/sweepy_dev_ws/install/roboclaw_hardware_interface:/home/robot/sweepy_dev_ws/install/mpu9250driver:/home/robot/sweepy_dev_ws/install/laser_filters:/home/robot/sweepy_ws/install/sweeper_bot:/home/robot/sweepy_ws/install/roboclaw_serial:/home/robot/sweepy_ws/install/roboclaw_hardware_interface:/home/robot/sweepy_ws/install/mpu9250driver:/home/robot/sweepy_ws/install/laser_filters /usr/bin/cmake --build /home/robot/sweepy_dev_ws/build/sweepy_bringup -- -j8 -l8
[0.689s] Invoking command in '/home/robot/sweepy_dev_ws/build/sweepy_bringup': CMAKE_PREFIX_PATH=/home/robot/sweepy_dev_ws/install/sweepy_perception:/home/robot/sweepy_dev_ws/install/sweepy_nav:/home/robot/sweepy_dev_ws/install/sweepy_hardware_drivers:/home/robot/sweepy_dev_ws/install/sweepy_bringup:/opt/ros/humble:/home/robot/sweepy_dev_ws/install/roboclaw_serial:/home/robot/sweepy_dev_ws/install/roboclaw_hardware_interface:/home/robot/sweepy_dev_ws/install/mpu9250driver:/home/robot/sweepy_dev_ws/install/laser_filters:/home/robot/sweepy_ws/install/sweeper_bot:/home/robot/sweepy_ws/install/roboclaw_serial:/home/robot/sweepy_ws/install/roboclaw_hardware_interface:/home/robot/sweepy_ws/install/mpu9250driver:/home/robot/sweepy_ws/install/laser_filters /usr/bin/cmake --install /home/robot/sweepy_dev_ws/build/sweepy_bringup
[0.699s] -- Install configuration: ""
[0.699s] -- Up-to-date: /home/robot/sweepy_dev_ws/install/sweepy_bringup/share/sweepy_bringup/src
[0.699s] -- Up-to-date: /home/robot/sweepy_dev_ws/install/sweepy_bringup/share/sweepy_bringup/launch
[0.699s] -- Up-to-date: /home/robot/sweepy_dev_ws/install/sweepy_bringup/share/sweepy_bringup/launch/sweepy_bringup.launch.py
[0.699s] -- Up-to-date: /home/robot/sweepy_dev_ws/install/sweepy_bringup/share/sweepy_bringup/launch/rsp.launch.py
[0.699s] -- Up-to-date: /home/robot/sweepy_dev_ws/install/sweepy_bringup/share/sweepy_bringup/launch/sweepy_spawn.launch.py
[0.700s] -- Up-to-date: /home/robot/sweepy_dev_ws/install/sweepy_bringup/share/sweepy_bringup/worlds
[0.700s] -- Up-to-date: /home/robot/sweepy_dev_ws/install/sweepy_bringup/share/sweepy_bringup/worlds/empty.world
[0.700s] -- Up-to-date: /home/robot/sweepy_dev_ws/install/sweepy_bringup/share/sweepy_bringup/urdf
[0.700s] -- Up-to-date: /home/robot/sweepy_dev_ws/install/sweepy_bringup/share/sweepy_bringup/urdf/intertial_macros.xacro
[0.700s] -- Up-to-date: /home/robot/sweepy_dev_ws/install/sweepy_bringup/share/sweepy_bringup/urdf/gazebo_control.xacro
[0.700s] -- Up-to-date: /home/robot/sweepy_dev_ws/install/sweepy_bringup/share/sweepy_bringup/urdf/robot.urdf.xacro
[0.700s] -- Up-to-date: /home/robot/sweepy_dev_ws/install/sweepy_bringup/share/sweepy_bringup/urdf/ros2_control.xacro
[0.700s] -- Up-to-date: /home/robot/sweepy_dev_ws/install/sweepy_bringup/share/sweepy_bringup/urdf/robot_core.xacro
[0.700s] -- Up-to-date: /home/robot/sweepy_dev_ws/install/sweepy_bringup/share/sweepy_bringup/urdf/sick.xacro
[0.700s] -- Installing: /home/robot/sweepy_dev_ws/install/sweepy_bringup/share/sweepy_bringup/rviz
[0.700s] -- Installing: /home/robot/sweepy_dev_ws/install/sweepy_bringup/share/sweepy_bringup/rviz/spawn.rviz
[0.700s] -- Up-to-date: /home/robot/sweepy_dev_ws/install/sweepy_bringup/share/ament_index/resource_index/package_run_dependencies/sweepy_bringup
[0.701s] -- Up-to-date: /home/robot/sweepy_dev_ws/install/sweepy_bringup/share/ament_index/resource_index/parent_prefix_path/sweepy_bringup
[0.701s] -- Up-to-date: /home/robot/sweepy_dev_ws/install/sweepy_bringup/share/sweepy_bringup/environment/ament_prefix_path.sh
[0.701s] -- Installing: /home/robot/sweepy_dev_ws/install/sweepy_bringup/share/sweepy_bringup/environment/ament_prefix_path.dsv
[0.701s] -- Up-to-date: /home/robot/sweepy_dev_ws/install/sweepy_bringup/share/sweepy_bringup/environment/path.sh
[0.701s] -- Installing: /home/robot/sweepy_dev_ws/install/sweepy_bringup/share/sweepy_bringup/environment/path.dsv
[0.701s] -- Up-to-date: /home/robot/sweepy_dev_ws/install/sweepy_bringup/share/sweepy_bringup/local_setup.bash
[0.701s] -- Up-to-date: /home/robot/sweepy_dev_ws/install/sweepy_bringup/share/sweepy_bringup/local_setup.sh
[0.701s] -- Up-to-date: /home/robot/sweepy_dev_ws/install/sweepy_bringup/share/sweepy_bringup/local_setup.zsh
[0.701s] -- Installing: /home/robot/sweepy_dev_ws/install/sweepy_bringup/share/sweepy_bringup/local_setup.dsv
[0.701s] -- Installing: /home/robot/sweepy_dev_ws/install/sweepy_bringup/share/sweepy_bringup/package.dsv
[0.701s] -- Up-to-date: /home/robot/sweepy_dev_ws/install/sweepy_bringup/share/ament_index/resource_index/packages/sweepy_bringup
[0.701s] -- Up-to-date: /home/robot/sweepy_dev_ws/install/sweepy_bringup/share/sweepy_bringup/cmake/sweepy_bringupConfig.cmake
[0.701s] -- Up-to-date: /home/robot/sweepy_dev_ws/install/sweepy_bringup/share/sweepy_bringup/cmake/sweepy_bringupConfig-version.cmake
[0.701s] -- Up-to-date: /home/robot/sweepy_dev_ws/install/sweepy_bringup/share/sweepy_bringup/package.xml
[0.704s] Invoked command in '/home/robot/sweepy_dev_ws/build/sweepy_bringup' returned '0': CMAKE_PREFIX_PATH=/home/robot/sweepy_dev_ws/install/sweepy_perception:/home/robot/sweepy_dev_ws/install/sweepy_nav:/home/robot/sweepy_dev_ws/install/sweepy_hardware_drivers:/home/robot/sweepy_dev_ws/install/sweepy_bringup:/opt/ros/humble:/home/robot/sweepy_dev_ws/install/roboclaw_serial:/home/robot/sweepy_dev_ws/install/roboclaw_hardware_interface:/home/robot/sweepy_dev_ws/install/mpu9250driver:/home/robot/sweepy_dev_ws/install/laser_filters:/home/robot/sweepy_ws/install/sweeper_bot:/home/robot/sweepy_ws/install/roboclaw_serial:/home/robot/sweepy_ws/install/roboclaw_hardware_interface:/home/robot/sweepy_ws/install/mpu9250driver:/home/robot/sweepy_ws/install/laser_filters /usr/bin/cmake --install /home/robot/sweepy_dev_ws/build/sweepy_bringup
