-- The C compiler identification is GNU 11.4.0
-- The CXX compiler identification is GNU 11.4.0
-- Detecting C compiler ABI info
-- Detecting C compiler ABI info - done
-- Check for working C compiler: /usr/bin/cc - skipped
-- Detecting C compile features
-- Detecting C compile features - done
-- Detecting CXX compiler ABI info
-- Detecting CXX compiler ABI info - done
-- Check for working CXX compiler: /usr/bin/c++ - skipped
-- Detecting CXX compile features
-- Detecting CXX compile features - done
-- Found ament_cmake: 1.3.11 (/opt/ros/humble/share/ament_cmake/cmake)
-- Found Python3: /usr/bin/python3 (found version "3.10.12") found components: Interpreter 
-- Found rclpy: 3.3.16 (/opt/ros/humble/share/rclpy/cmake)
-- Found ament_lint_auto: 0.12.12 (/opt/ros/humble/share/ament_lint_auto/cmake)
-- Added test 'lint_cmake' to check CMake code style
-- Added test 'xmllint' to check XML markup files
-- Configuring done
-- Generating done
-- Build files have been written to: /home/robot/sweepy_dev_ws/build/sweepy_nav
-- Install configuration: ""
-- Installing: /home/robot/sweepy_dev_ws/install/sweepy_nav/share/ament_index/resource_index/package_run_dependencies/sweepy_nav
-- Installing: /home/robot/sweepy_dev_ws/install/sweepy_nav/share/ament_index/resource_index/parent_prefix_path/sweepy_nav
-- Installing: /home/robot/sweepy_dev_ws/install/sweepy_nav/share/sweepy_nav/environment/ament_prefix_path.sh
-- Installing: /home/robot/sweepy_dev_ws/install/sweepy_nav/share/sweepy_nav/environment/ament_prefix_path.dsv
-- Installing: /home/robot/sweepy_dev_ws/install/sweepy_nav/share/sweepy_nav/environment/path.sh
-- Installing: /home/robot/sweepy_dev_ws/install/sweepy_nav/share/sweepy_nav/environment/path.dsv
-- Installing: /home/robot/sweepy_dev_ws/install/sweepy_nav/share/sweepy_nav/local_setup.bash
-- Installing: /home/robot/sweepy_dev_ws/install/sweepy_nav/share/sweepy_nav/local_setup.sh
-- Installing: /home/robot/sweepy_dev_ws/install/sweepy_nav/share/sweepy_nav/local_setup.zsh
-- Installing: /home/robot/sweepy_dev_ws/install/sweepy_nav/share/sweepy_nav/local_setup.dsv
-- Installing: /home/robot/sweepy_dev_ws/install/sweepy_nav/share/sweepy_nav/package.dsv
-- Installing: /home/robot/sweepy_dev_ws/install/sweepy_nav/share/ament_index/resource_index/packages/sweepy_nav
-- Installing: /home/robot/sweepy_dev_ws/install/sweepy_nav/share/sweepy_nav/cmake/sweepy_navConfig.cmake
-- Installing: /home/robot/sweepy_dev_ws/install/sweepy_nav/share/sweepy_nav/cmake/sweepy_navConfig-version.cmake
-- Installing: /home/robot/sweepy_dev_ws/install/sweepy_nav/share/sweepy_nav/package.xml
