[0.041s] Invoking command in '/home/robot/sweepy_dev_ws/build/sweepy_nav': CMAKE_PREFIX_PATH=${CMAKE_PREFIX_PATH}:/opt/ros/humble /usr/bin/cmake /home/robot/sweepy_dev_ws/src/sweepy_nav -DCMAKE_INSTALL_PREFIX=/home/robot/sweepy_dev_ws/install/sweepy_nav
[0.159s] -- The C compiler identification is GNU 11.4.0
[0.288s] -- The CXX compiler identification is GNU 11.4.0
[0.300s] -- Detecting C compiler ABI info
[0.478s] -- Detecting C compiler ABI info - done
[0.510s] -- Check for working C compiler: /usr/bin/cc - skipped
[0.516s] -- Detecting C compile features
[0.516s] -- Detecting C compile features - done
[0.519s] -- Detecting CXX compiler ABI info
[0.676s] -- Detecting CXX compiler ABI info - done
[0.696s] -- Check for working CXX compiler: /usr/bin/c++ - skipped
[0.699s] -- Detecting CXX compile features
[0.699s] -- Detecting CXX compile features - done
[0.702s] -- Found ament_cmake: 1.3.11 (/opt/ros/humble/share/ament_cmake/cmake)
[1.034s] -- Found Python3: /usr/bin/python3 (found version "3.10.12") found components: Interpreter 
[1.231s] -- Found rclpy: 3.3.16 (/opt/ros/humble/share/rclpy/cmake)
[1.232s] -- Found ament_lint_auto: 0.12.12 (/opt/ros/humble/share/ament_lint_auto/cmake)
[1.347s] -- Added test 'lint_cmake' to check CMake code style
[1.350s] -- Added test 'xmllint' to check XML markup files
[1.355s] -- Configuring done
[1.361s] -- Generating done
[1.363s] -- Build files have been written to: /home/robot/sweepy_dev_ws/build/sweepy_nav
[1.374s] Invoked command in '/home/robot/sweepy_dev_ws/build/sweepy_nav' returned '0': CMAKE_PREFIX_PATH=${CMAKE_PREFIX_PATH}:/opt/ros/humble /usr/bin/cmake /home/robot/sweepy_dev_ws/src/sweepy_nav -DCMAKE_INSTALL_PREFIX=/home/robot/sweepy_dev_ws/install/sweepy_nav
[1.378s] Invoking command in '/home/robot/sweepy_dev_ws/build/sweepy_nav': CMAKE_PREFIX_PATH=${CMAKE_PREFIX_PATH}:/opt/ros/humble /usr/bin/cmake --build /home/robot/sweepy_dev_ws/build/sweepy_nav -- -j8 -l8
[1.459s] Invoked command in '/home/robot/sweepy_dev_ws/build/sweepy_nav' returned '0': CMAKE_PREFIX_PATH=${CMAKE_PREFIX_PATH}:/opt/ros/humble /usr/bin/cmake --build /home/robot/sweepy_dev_ws/build/sweepy_nav -- -j8 -l8
[1.462s] Invoking command in '/home/robot/sweepy_dev_ws/build/sweepy_nav': CMAKE_PREFIX_PATH=${CMAKE_PREFIX_PATH}:/opt/ros/humble /usr/bin/cmake --install /home/robot/sweepy_dev_ws/build/sweepy_nav
[1.474s] -- Install configuration: ""
[1.474s] -- Installing: /home/robot/sweepy_dev_ws/install/sweepy_nav/share/ament_index/resource_index/package_run_dependencies/sweepy_nav
[1.475s] -- Installing: /home/robot/sweepy_dev_ws/install/sweepy_nav/share/ament_index/resource_index/parent_prefix_path/sweepy_nav
[1.478s] -- Installing: /home/robot/sweepy_dev_ws/install/sweepy_nav/share/sweepy_nav/environment/ament_prefix_path.sh
[1.478s] -- Installing: /home/robot/sweepy_dev_ws/install/sweepy_nav/share/sweepy_nav/environment/ament_prefix_path.dsv
[1.478s] -- Installing: /home/robot/sweepy_dev_ws/install/sweepy_nav/share/sweepy_nav/environment/path.sh
[1.479s] -- Installing: /home/robot/sweepy_dev_ws/install/sweepy_nav/share/sweepy_nav/environment/path.dsv
[1.479s] -- Installing: /home/robot/sweepy_dev_ws/install/sweepy_nav/share/sweepy_nav/local_setup.bash
[1.479s] -- Installing: /home/robot/sweepy_dev_ws/install/sweepy_nav/share/sweepy_nav/local_setup.sh
[1.479s] -- Installing: /home/robot/sweepy_dev_ws/install/sweepy_nav/share/sweepy_nav/local_setup.zsh
[1.479s] -- Installing: /home/robot/sweepy_dev_ws/install/sweepy_nav/share/sweepy_nav/local_setup.dsv
[1.479s] -- Installing: /home/robot/sweepy_dev_ws/install/sweepy_nav/share/sweepy_nav/package.dsv
[1.479s] -- Installing: /home/robot/sweepy_dev_ws/install/sweepy_nav/share/ament_index/resource_index/packages/sweepy_nav
[1.480s] -- Installing: /home/robot/sweepy_dev_ws/install/sweepy_nav/share/sweepy_nav/cmake/sweepy_navConfig.cmake
[1.480s] -- Installing: /home/robot/sweepy_dev_ws/install/sweepy_nav/share/sweepy_nav/cmake/sweepy_navConfig-version.cmake
[1.480s] -- Installing: /home/robot/sweepy_dev_ws/install/sweepy_nav/share/sweepy_nav/package.xml
[1.522s] Invoked command in '/home/robot/sweepy_dev_ws/build/sweepy_nav' returned '0': CMAKE_PREFIX_PATH=${CMAKE_PREFIX_PATH}:/opt/ros/humble /usr/bin/cmake --install /home/robot/sweepy_dev_ws/build/sweepy_nav
