[0.023s] Invoking command in '/home/robot/sweepy_dev_ws/build/roboclaw_hardware_interface': CMAKE_PREFIX_PATH=/opt/ros/humble:/home/robot/sweepy_dev_ws/install/roboclaw_serial:/home/robot/sweepy_dev_ws/install/sweepy_perception:/home/robot/sweepy_dev_ws/install/sweepy_nav:/home/robot/sweepy_dev_ws/install/sweepy_hardware_drivers:/home/robot/sweepy_dev_ws/install/sweepy_bringup:/home/robot/sweepy_dev_ws/install/roboclaw_hardware_interface:/home/robot/sweepy_dev_ws/install/mpu9250driver:/home/robot/sweepy_dev_ws/install/laser_filters:/home/robot/sweepy_ws/install/sweeper_bot:/home/robot/sweepy_ws/install/roboclaw_serial:/home/robot/sweepy_ws/install/roboclaw_hardware_interface:/home/robot/sweepy_ws/install/mpu9250driver:/home/robot/sweepy_ws/install/laser_filters /usr/bin/cmake --build /home/robot/sweepy_dev_ws/build/roboclaw_hardware_interface -- -j8 -l8
[0.116s] [100%] Built target roboclaw_hardware_interface
[0.134s] Invoked command in '/home/robot/sweepy_dev_ws/build/roboclaw_hardware_interface' returned '0': CMAKE_PREFIX_PATH=/opt/ros/humble:/home/robot/sweepy_dev_ws/install/roboclaw_serial:/home/robot/sweepy_dev_ws/install/sweepy_perception:/home/robot/sweepy_dev_ws/install/sweepy_nav:/home/robot/sweepy_dev_ws/install/sweepy_hardware_drivers:/home/robot/sweepy_dev_ws/install/sweepy_bringup:/home/robot/sweepy_dev_ws/install/roboclaw_hardware_interface:/home/robot/sweepy_dev_ws/install/mpu9250driver:/home/robot/sweepy_dev_ws/install/laser_filters:/home/robot/sweepy_ws/install/sweeper_bot:/home/robot/sweepy_ws/install/roboclaw_serial:/home/robot/sweepy_ws/install/roboclaw_hardware_interface:/home/robot/sweepy_ws/install/mpu9250driver:/home/robot/sweepy_ws/install/laser_filters /usr/bin/cmake --build /home/robot/sweepy_dev_ws/build/roboclaw_hardware_interface -- -j8 -l8
[0.138s] Invoking command in '/home/robot/sweepy_dev_ws/build/roboclaw_hardware_interface': CMAKE_PREFIX_PATH=/opt/ros/humble:/home/robot/sweepy_dev_ws/install/roboclaw_serial:/home/robot/sweepy_dev_ws/install/sweepy_perception:/home/robot/sweepy_dev_ws/install/sweepy_nav:/home/robot/sweepy_dev_ws/install/sweepy_hardware_drivers:/home/robot/sweepy_dev_ws/install/sweepy_bringup:/home/robot/sweepy_dev_ws/install/roboclaw_hardware_interface:/home/robot/sweepy_dev_ws/install/mpu9250driver:/home/robot/sweepy_dev_ws/install/laser_filters:/home/robot/sweepy_ws/install/sweeper_bot:/home/robot/sweepy_ws/install/roboclaw_serial:/home/robot/sweepy_ws/install/roboclaw_hardware_interface:/home/robot/sweepy_ws/install/mpu9250driver:/home/robot/sweepy_ws/install/laser_filters /usr/bin/cmake --install /home/robot/sweepy_dev_ws/build/roboclaw_hardware_interface
[0.148s] -- Install configuration: ""
[0.148s] -- Up-to-date: /home/robot/sweepy_dev_ws/install/roboclaw_hardware_interface/share/roboclaw_hardware_interface/roboclaw_hardware_interface.xml
[0.149s] -- Up-to-date: /home/robot/sweepy_dev_ws/install/roboclaw_hardware_interface/lib/libroboclaw_hardware_interface.so
[0.149s] -- Up-to-date: /home/robot/sweepy_dev_ws/install/roboclaw_hardware_interface/share/roboclaw_hardware_interface/roboclaw_hardware_interface.xml
[0.150s] -- Up-to-date: /home/robot/sweepy_dev_ws/install/roboclaw_hardware_interface/share/ament_index/resource_index/package_run_dependencies/roboclaw_hardware_interface
[0.150s] -- Up-to-date: /home/robot/sweepy_dev_ws/install/roboclaw_hardware_interface/share/ament_index/resource_index/parent_prefix_path/roboclaw_hardware_interface
[0.150s] -- Up-to-date: /home/robot/sweepy_dev_ws/install/roboclaw_hardware_interface/share/roboclaw_hardware_interface/environment/ament_prefix_path.sh
[0.150s] -- Up-to-date: /home/robot/sweepy_dev_ws/install/roboclaw_hardware_interface/share/roboclaw_hardware_interface/environment/ament_prefix_path.dsv
[0.150s] -- Up-to-date: /home/robot/sweepy_dev_ws/install/roboclaw_hardware_interface/share/roboclaw_hardware_interface/environment/path.sh
[0.151s] -- Up-to-date: /home/robot/sweepy_dev_ws/install/roboclaw_hardware_interface/share/roboclaw_hardware_interface/environment/path.dsv
[0.151s] -- Up-to-date: /home/robot/sweepy_dev_ws/install/roboclaw_hardware_interface/share/roboclaw_hardware_interface/local_setup.bash
[0.151s] -- Up-to-date: /home/robot/sweepy_dev_ws/install/roboclaw_hardware_interface/share/roboclaw_hardware_interface/local_setup.sh
[0.151s] -- Up-to-date: /home/robot/sweepy_dev_ws/install/roboclaw_hardware_interface/share/roboclaw_hardware_interface/local_setup.zsh
[0.151s] -- Up-to-date: /home/robot/sweepy_dev_ws/install/roboclaw_hardware_interface/share/roboclaw_hardware_interface/local_setup.dsv
[0.151s] -- Installing: /home/robot/sweepy_dev_ws/install/roboclaw_hardware_interface/share/roboclaw_hardware_interface/package.dsv
[0.152s] -- Up-to-date: /home/robot/sweepy_dev_ws/install/roboclaw_hardware_interface/share/ament_index/resource_index/packages/roboclaw_hardware_interface
[0.152s] -- Up-to-date: /home/robot/sweepy_dev_ws/install/roboclaw_hardware_interface/share/ament_index/resource_index/hardware_interface__pluginlib__plugin/roboclaw_hardware_interface
[0.152s] -- Up-to-date: /home/robot/sweepy_dev_ws/install/roboclaw_hardware_interface/share/roboclaw_hardware_interface/cmake/roboclaw_hardware_interfaceConfig.cmake
[0.152s] -- Up-to-date: /home/robot/sweepy_dev_ws/install/roboclaw_hardware_interface/share/roboclaw_hardware_interface/cmake/roboclaw_hardware_interfaceConfig-version.cmake
[0.152s] -- Up-to-date: /home/robot/sweepy_dev_ws/install/roboclaw_hardware_interface/share/roboclaw_hardware_interface/package.xml
[0.153s] Invoked command in '/home/robot/sweepy_dev_ws/build/roboclaw_hardware_interface' returned '0': CMAKE_PREFIX_PATH=/opt/ros/humble:/home/robot/sweepy_dev_ws/install/roboclaw_serial:/home/robot/sweepy_dev_ws/install/sweepy_perception:/home/robot/sweepy_dev_ws/install/sweepy_nav:/home/robot/sweepy_dev_ws/install/sweepy_hardware_drivers:/home/robot/sweepy_dev_ws/install/sweepy_bringup:/home/robot/sweepy_dev_ws/install/roboclaw_hardware_interface:/home/robot/sweepy_dev_ws/install/mpu9250driver:/home/robot/sweepy_dev_ws/install/laser_filters:/home/robot/sweepy_ws/install/sweeper_bot:/home/robot/sweepy_ws/install/roboclaw_serial:/home/robot/sweepy_ws/install/roboclaw_hardware_interface:/home/robot/sweepy_ws/install/mpu9250driver:/home/robot/sweepy_ws/install/laser_filters /usr/bin/cmake --install /home/robot/sweepy_dev_ws/build/roboclaw_hardware_interface
