[0.068s] Invoking command in '/home/robot/sweepy_dev_ws/build/sweepy_perception': CMAKE_PREFIX_PATH=/home/robot/sweepy_dev_ws/install/sweepy_perception:/home/robot/sweepy_dev_ws/install/sweepy_nav:/home/robot/sweepy_dev_ws/install/sweepy_hardware_drivers:/home/robot/sweepy_dev_ws/install/sweepy_bringup:/opt/ros/humble:/home/robot/sweepy_dev_ws/install/roboclaw_serial:/home/robot/sweepy_dev_ws/install/roboclaw_hardware_interface:/home/robot/sweepy_dev_ws/install/mpu9250driver:/home/robot/sweepy_dev_ws/install/laser_filters:/home/robot/sweepy_ws/install/sweeper_bot:/home/robot/sweepy_ws/install/roboclaw_serial:/home/robot/sweepy_ws/install/roboclaw_hardware_interface:/home/robot/sweepy_ws/install/mpu9250driver:/home/robot/sweepy_ws/install/laser_filters /usr/bin/cmake --build /home/robot/sweepy_dev_ws/build/sweepy_perception -- -j8 -l8
[0.200s] Invoked command in '/home/robot/sweepy_dev_ws/build/sweepy_perception' returned '0': CMAKE_PREFIX_PATH=/home/robot/sweepy_dev_ws/install/sweepy_perception:/home/robot/sweepy_dev_ws/install/sweepy_nav:/home/robot/sweepy_dev_ws/install/sweepy_hardware_drivers:/home/robot/sweepy_dev_ws/install/sweepy_bringup:/opt/ros/humble:/home/robot/sweepy_dev_ws/install/roboclaw_serial:/home/robot/sweepy_dev_ws/install/roboclaw_hardware_interface:/home/robot/sweepy_dev_ws/install/mpu9250driver:/home/robot/sweepy_dev_ws/install/laser_filters:/home/robot/sweepy_ws/install/sweeper_bot:/home/robot/sweepy_ws/install/roboclaw_serial:/home/robot/sweepy_ws/install/roboclaw_hardware_interface:/home/robot/sweepy_ws/install/mpu9250driver:/home/robot/sweepy_ws/install/laser_filters /usr/bin/cmake --build /home/robot/sweepy_dev_ws/build/sweepy_perception -- -j8 -l8
[0.202s] Invoking command in '/home/robot/sweepy_dev_ws/build/sweepy_perception': CMAKE_PREFIX_PATH=/home/robot/sweepy_dev_ws/install/sweepy_perception:/home/robot/sweepy_dev_ws/install/sweepy_nav:/home/robot/sweepy_dev_ws/install/sweepy_hardware_drivers:/home/robot/sweepy_dev_ws/install/sweepy_bringup:/opt/ros/humble:/home/robot/sweepy_dev_ws/install/roboclaw_serial:/home/robot/sweepy_dev_ws/install/roboclaw_hardware_interface:/home/robot/sweepy_dev_ws/install/mpu9250driver:/home/robot/sweepy_dev_ws/install/laser_filters:/home/robot/sweepy_ws/install/sweeper_bot:/home/robot/sweepy_ws/install/roboclaw_serial:/home/robot/sweepy_ws/install/roboclaw_hardware_interface:/home/robot/sweepy_ws/install/mpu9250driver:/home/robot/sweepy_ws/install/laser_filters /usr/bin/cmake --install /home/robot/sweepy_dev_ws/build/sweepy_perception
[0.220s] -- Install configuration: ""
[0.220s] -- Up-to-date: /home/robot/sweepy_dev_ws/install/sweepy_perception/share/sweepy_perception/src
[0.220s] -- Up-to-date: /home/robot/sweepy_dev_ws/install/sweepy_perception/share/sweepy_perception/launch
[0.221s] -- Up-to-date: /home/robot/sweepy_dev_ws/install/sweepy_perception/share/sweepy_perception/launch/sick_tim_7xx.launch.py
[0.223s] -- Up-to-date: /home/robot/sweepy_dev_ws/install/sweepy_perception/share/sweepy_perception/config
[0.224s] -- Up-to-date: /home/robot/sweepy_dev_ws/install/sweepy_perception/share/sweepy_perception/config/scan_filter_params.yaml
[0.227s] -- Up-to-date: /home/robot/sweepy_dev_ws/install/sweepy_perception/share/ament_index/resource_index/package_run_dependencies/sweepy_perception
[0.227s] -- Up-to-date: /home/robot/sweepy_dev_ws/install/sweepy_perception/share/ament_index/resource_index/parent_prefix_path/sweepy_perception
[0.227s] -- Up-to-date: /home/robot/sweepy_dev_ws/install/sweepy_perception/share/sweepy_perception/environment/ament_prefix_path.sh
[0.228s] -- Up-to-date: /home/robot/sweepy_dev_ws/install/sweepy_perception/share/sweepy_perception/environment/ament_prefix_path.dsv
[0.230s] -- Up-to-date: /home/robot/sweepy_dev_ws/install/sweepy_perception/share/sweepy_perception/environment/path.sh
[0.231s] -- Up-to-date: /home/robot/sweepy_dev_ws/install/sweepy_perception/share/sweepy_perception/environment/path.dsv
[0.232s] -- Up-to-date: /home/robot/sweepy_dev_ws/install/sweepy_perception/share/sweepy_perception/local_setup.bash
[0.232s] -- Up-to-date: /home/robot/sweepy_dev_ws/install/sweepy_perception/share/sweepy_perception/local_setup.sh
[0.233s] -- Up-to-date: /home/robot/sweepy_dev_ws/install/sweepy_perception/share/sweepy_perception/local_setup.zsh
[0.234s] -- Up-to-date: /home/robot/sweepy_dev_ws/install/sweepy_perception/share/sweepy_perception/local_setup.dsv
[0.234s] -- Installing: /home/robot/sweepy_dev_ws/install/sweepy_perception/share/sweepy_perception/package.dsv
[0.234s] -- Up-to-date: /home/robot/sweepy_dev_ws/install/sweepy_perception/share/ament_index/resource_index/packages/sweepy_perception
[0.234s] -- Up-to-date: /home/robot/sweepy_dev_ws/install/sweepy_perception/share/sweepy_perception/cmake/sweepy_perceptionConfig.cmake
[0.234s] -- Up-to-date: /home/robot/sweepy_dev_ws/install/sweepy_perception/share/sweepy_perception/cmake/sweepy_perceptionConfig-version.cmake
[0.235s] -- Up-to-date: /home/robot/sweepy_dev_ws/install/sweepy_perception/share/sweepy_perception/package.xml
[0.302s] Invoked command in '/home/robot/sweepy_dev_ws/build/sweepy_perception' returned '0': CMAKE_PREFIX_PATH=/home/robot/sweepy_dev_ws/install/sweepy_perception:/home/robot/sweepy_dev_ws/install/sweepy_nav:/home/robot/sweepy_dev_ws/install/sweepy_hardware_drivers:/home/robot/sweepy_dev_ws/install/sweepy_bringup:/opt/ros/humble:/home/robot/sweepy_dev_ws/install/roboclaw_serial:/home/robot/sweepy_dev_ws/install/roboclaw_hardware_interface:/home/robot/sweepy_dev_ws/install/mpu9250driver:/home/robot/sweepy_dev_ws/install/laser_filters:/home/robot/sweepy_ws/install/sweeper_bot:/home/robot/sweepy_ws/install/roboclaw_serial:/home/robot/sweepy_ws/install/roboclaw_hardware_interface:/home/robot/sweepy_ws/install/mpu9250driver:/home/robot/sweepy_ws/install/laser_filters /usr/bin/cmake --install /home/robot/sweepy_dev_ws/build/sweepy_perception
