[0.057s] Invoking command in '/home/robot/sweepy_dev_ws/build/sweepy_nav': CMAKE_PREFIX_PATH=/home/robot/sweepy_dev_ws/install/sweepy_perception:/home/robot/sweepy_dev_ws/install/sweepy_nav:/home/robot/sweepy_dev_ws/install/sweepy_hardware_drivers:/home/robot/sweepy_dev_ws/install/sweepy_bringup:/opt/ros/humble:/home/robot/sweepy_dev_ws/install/roboclaw_serial:/home/robot/sweepy_dev_ws/install/roboclaw_hardware_interface:/home/robot/sweepy_dev_ws/install/mpu9250driver:/home/robot/sweepy_dev_ws/install/laser_filters:/home/robot/sweepy_ws/install/sweeper_bot:/home/robot/sweepy_ws/install/roboclaw_serial:/home/robot/sweepy_ws/install/roboclaw_hardware_interface:/home/robot/sweepy_ws/install/mpu9250driver:/home/robot/sweepy_ws/install/laser_filters /usr/bin/cmake --build /home/robot/sweepy_dev_ws/build/sweepy_nav -- -j8 -l8
[0.101s] -- Found ament_cmake: 1.3.11 (/opt/ros/humble/share/ament_cmake/cmake)
[0.358s] -- Found rclpy: 3.3.16 (/opt/ros/humble/share/rclpy/cmake)
[0.358s] -- Found ament_lint_auto: 0.12.12 (/opt/ros/humble/share/ament_lint_auto/cmake)
[0.499s] -- Added test 'flake8' to check Python code syntax and style conventions
[0.500s] -- Added test 'lint_cmake' to check CMake code style
[0.500s] -- Added test 'pep257' to check Python code against some of the docstring style conventions in PEP 257
[0.503s] -- Added test 'xmllint' to check XML markup files
[0.506s] -- Configuring done
[0.509s] -- Generating done
[0.511s] -- Build files have been written to: /home/robot/sweepy_dev_ws/build/sweepy_nav
[0.542s] Invoked command in '/home/robot/sweepy_dev_ws/build/sweepy_nav' returned '0': CMAKE_PREFIX_PATH=/home/robot/sweepy_dev_ws/install/sweepy_perception:/home/robot/sweepy_dev_ws/install/sweepy_nav:/home/robot/sweepy_dev_ws/install/sweepy_hardware_drivers:/home/robot/sweepy_dev_ws/install/sweepy_bringup:/opt/ros/humble:/home/robot/sweepy_dev_ws/install/roboclaw_serial:/home/robot/sweepy_dev_ws/install/roboclaw_hardware_interface:/home/robot/sweepy_dev_ws/install/mpu9250driver:/home/robot/sweepy_dev_ws/install/laser_filters:/home/robot/sweepy_ws/install/sweeper_bot:/home/robot/sweepy_ws/install/roboclaw_serial:/home/robot/sweepy_ws/install/roboclaw_hardware_interface:/home/robot/sweepy_ws/install/mpu9250driver:/home/robot/sweepy_ws/install/laser_filters /usr/bin/cmake --build /home/robot/sweepy_dev_ws/build/sweepy_nav -- -j8 -l8
[0.544s] Invoking command in '/home/robot/sweepy_dev_ws/build/sweepy_nav': CMAKE_PREFIX_PATH=/home/robot/sweepy_dev_ws/install/sweepy_perception:/home/robot/sweepy_dev_ws/install/sweepy_nav:/home/robot/sweepy_dev_ws/install/sweepy_hardware_drivers:/home/robot/sweepy_dev_ws/install/sweepy_bringup:/opt/ros/humble:/home/robot/sweepy_dev_ws/install/roboclaw_serial:/home/robot/sweepy_dev_ws/install/roboclaw_hardware_interface:/home/robot/sweepy_dev_ws/install/mpu9250driver:/home/robot/sweepy_dev_ws/install/laser_filters:/home/robot/sweepy_ws/install/sweeper_bot:/home/robot/sweepy_ws/install/roboclaw_serial:/home/robot/sweepy_ws/install/roboclaw_hardware_interface:/home/robot/sweepy_ws/install/mpu9250driver:/home/robot/sweepy_ws/install/laser_filters /usr/bin/cmake --install /home/robot/sweepy_dev_ws/build/sweepy_nav
[0.553s] -- Install configuration: ""
[0.553s] -- Installing: /home/robot/sweepy_dev_ws/install/sweepy_nav/share/sweepy_nav/src
[0.553s] -- Installing: /home/robot/sweepy_dev_ws/install/sweepy_nav/share/sweepy_nav/launch
[0.553s] -- Installing: /home/robot/sweepy_dev_ws/install/sweepy_nav/share/sweepy_nav/launch/navigation_launch.py
[0.554s] -- Installing: /home/robot/sweepy_dev_ws/install/sweepy_nav/share/sweepy_nav/launch/amcl_launch.py
[0.554s] -- Installing: /home/robot/sweepy_dev_ws/install/sweepy_nav/share/sweepy_nav/launch/online_async_launch.py
[0.554s] -- Installing: /home/robot/sweepy_dev_ws/install/sweepy_nav/share/sweepy_nav/config
[0.554s] -- Installing: /home/robot/sweepy_dev_ws/install/sweepy_nav/share/sweepy_nav/config/mapper_params_localization.yaml
[0.554s] -- Installing: /home/robot/sweepy_dev_ws/install/sweepy_nav/share/sweepy_nav/config/mapper_params_online_async.yaml
[0.555s] -- Installing: /home/robot/sweepy_dev_ws/install/sweepy_nav/share/sweepy_nav/config/ekf_params.yaml
[0.555s] -- Installing: /home/robot/sweepy_dev_ws/install/sweepy_nav/share/sweepy_nav/config/nav2_params.yaml
[0.555s] -- Up-to-date: /home/robot/sweepy_dev_ws/install/sweepy_nav/share/ament_index/resource_index/package_run_dependencies/sweepy_nav
[0.555s] -- Up-to-date: /home/robot/sweepy_dev_ws/install/sweepy_nav/share/ament_index/resource_index/parent_prefix_path/sweepy_nav
[0.555s] -- Up-to-date: /home/robot/sweepy_dev_ws/install/sweepy_nav/share/sweepy_nav/environment/ament_prefix_path.sh
[0.555s] -- Installing: /home/robot/sweepy_dev_ws/install/sweepy_nav/share/sweepy_nav/environment/ament_prefix_path.dsv
[0.556s] -- Up-to-date: /home/robot/sweepy_dev_ws/install/sweepy_nav/share/sweepy_nav/environment/path.sh
[0.556s] -- Installing: /home/robot/sweepy_dev_ws/install/sweepy_nav/share/sweepy_nav/environment/path.dsv
[0.556s] -- Up-to-date: /home/robot/sweepy_dev_ws/install/sweepy_nav/share/sweepy_nav/local_setup.bash
[0.556s] -- Up-to-date: /home/robot/sweepy_dev_ws/install/sweepy_nav/share/sweepy_nav/local_setup.sh
[0.556s] -- Up-to-date: /home/robot/sweepy_dev_ws/install/sweepy_nav/share/sweepy_nav/local_setup.zsh
[0.556s] -- Installing: /home/robot/sweepy_dev_ws/install/sweepy_nav/share/sweepy_nav/local_setup.dsv
[0.556s] -- Installing: /home/robot/sweepy_dev_ws/install/sweepy_nav/share/sweepy_nav/package.dsv
[0.556s] -- Up-to-date: /home/robot/sweepy_dev_ws/install/sweepy_nav/share/ament_index/resource_index/packages/sweepy_nav
[0.556s] -- Up-to-date: /home/robot/sweepy_dev_ws/install/sweepy_nav/share/sweepy_nav/cmake/sweepy_navConfig.cmake
[0.556s] -- Up-to-date: /home/robot/sweepy_dev_ws/install/sweepy_nav/share/sweepy_nav/cmake/sweepy_navConfig-version.cmake
[0.557s] -- Up-to-date: /home/robot/sweepy_dev_ws/install/sweepy_nav/share/sweepy_nav/package.xml
[0.559s] Invoked command in '/home/robot/sweepy_dev_ws/build/sweepy_nav' returned '0': CMAKE_PREFIX_PATH=/home/robot/sweepy_dev_ws/install/sweepy_perception:/home/robot/sweepy_dev_ws/install/sweepy_nav:/home/robot/sweepy_dev_ws/install/sweepy_hardware_drivers:/home/robot/sweepy_dev_ws/install/sweepy_bringup:/opt/ros/humble:/home/robot/sweepy_dev_ws/install/roboclaw_serial:/home/robot/sweepy_dev_ws/install/roboclaw_hardware_interface:/home/robot/sweepy_dev_ws/install/mpu9250driver:/home/robot/sweepy_dev_ws/install/laser_filters:/home/robot/sweepy_ws/install/sweeper_bot:/home/robot/sweepy_ws/install/roboclaw_serial:/home/robot/sweepy_ws/install/roboclaw_hardware_interface:/home/robot/sweepy_ws/install/mpu9250driver:/home/robot/sweepy_ws/install/laser_filters /usr/bin/cmake --install /home/robot/sweepy_dev_ws/build/sweepy_nav
