[0.050s] Invoking command in '/home/robot/sweepy_dev_ws/build/sweepy_perception': CMAKE_PREFIX_PATH=${CMAKE_PREFIX_PATH}:/opt/ros/humble /usr/bin/cmake /home/robot/sweepy_dev_ws/src/sweepy_perception -DCMAKE_INSTALL_PREFIX=/home/robot/sweepy_dev_ws/install/sweepy_perception
[0.913s] -- The C compiler identification is GNU 11.4.0
[0.913s] -- The CXX compiler identification is GNU 11.4.0
[0.913s] -- Detecting C compiler ABI info
[0.913s] -- Detecting C compiler ABI info - done
[0.913s] -- Check for working C compiler: /usr/bin/cc - skipped
[0.914s] -- Detecting C compile features
[0.914s] -- Detecting C compile features - done
[0.914s] -- Detecting CXX compiler ABI info
[0.914s] -- Detecting CXX compiler ABI info - done
[0.914s] -- Check for working CXX compiler: /usr/bin/c++ - skipped
[0.914s] -- Detecting CXX compile features
[0.914s] -- Detecting CXX compile features - done
[0.915s] -- Found ament_cmake: 1.3.11 (/opt/ros/humble/share/ament_cmake/cmake)
[0.985s] -- Found Python3: /usr/bin/python3 (found version "3.10.12") found components: Interpreter 
[1.190s] -- Found rclpy: 3.3.16 (/opt/ros/humble/share/rclpy/cmake)
[1.193s] -- Found ament_lint_auto: 0.12.12 (/opt/ros/humble/share/ament_lint_auto/cmake)
[1.347s] -- Added test 'flake8' to check Python code syntax and style conventions
[1.350s] -- Added test 'lint_cmake' to check CMake code style
[1.350s] -- Added test 'pep257' to check Python code against some of the docstring style conventions in PEP 257
[1.354s] -- Added test 'xmllint' to check XML markup files
[1.356s] -- Configuring done
[1.365s] -- Generating done
[1.366s] -- Build files have been written to: /home/robot/sweepy_dev_ws/build/sweepy_perception
[1.376s] Invoked command in '/home/robot/sweepy_dev_ws/build/sweepy_perception' returned '0': CMAKE_PREFIX_PATH=${CMAKE_PREFIX_PATH}:/opt/ros/humble /usr/bin/cmake /home/robot/sweepy_dev_ws/src/sweepy_perception -DCMAKE_INSTALL_PREFIX=/home/robot/sweepy_dev_ws/install/sweepy_perception
[1.380s] Invoking command in '/home/robot/sweepy_dev_ws/build/sweepy_perception': CMAKE_PREFIX_PATH=${CMAKE_PREFIX_PATH}:/opt/ros/humble /usr/bin/cmake --build /home/robot/sweepy_dev_ws/build/sweepy_perception -- -j8 -l8
[1.456s] Invoked command in '/home/robot/sweepy_dev_ws/build/sweepy_perception' returned '0': CMAKE_PREFIX_PATH=${CMAKE_PREFIX_PATH}:/opt/ros/humble /usr/bin/cmake --build /home/robot/sweepy_dev_ws/build/sweepy_perception -- -j8 -l8
[1.459s] Invoking command in '/home/robot/sweepy_dev_ws/build/sweepy_perception': CMAKE_PREFIX_PATH=${CMAKE_PREFIX_PATH}:/opt/ros/humble /usr/bin/cmake --install /home/robot/sweepy_dev_ws/build/sweepy_perception
[1.473s] -- Install configuration: ""
[1.474s] -- Installing: /home/robot/sweepy_dev_ws/install/sweepy_perception/share/sweepy_perception/src
[1.474s] -- Installing: /home/robot/sweepy_dev_ws/install/sweepy_perception/share/sweepy_perception/launch
[1.474s] -- Installing: /home/robot/sweepy_dev_ws/install/sweepy_perception/share/sweepy_perception/launch/sick_tim_7xx.launch.py
[1.475s] -- Installing: /home/robot/sweepy_dev_ws/install/sweepy_perception/share/sweepy_perception/config
[1.475s] -- Installing: /home/robot/sweepy_dev_ws/install/sweepy_perception/share/sweepy_perception/config/scan_filter_params.yaml
[1.475s] -- Installing: /home/robot/sweepy_dev_ws/install/sweepy_perception/share/ament_index/resource_index/package_run_dependencies/sweepy_perception
[1.475s] -- Installing: /home/robot/sweepy_dev_ws/install/sweepy_perception/share/ament_index/resource_index/parent_prefix_path/sweepy_perception
[1.475s] -- Installing: /home/robot/sweepy_dev_ws/install/sweepy_perception/share/sweepy_perception/environment/ament_prefix_path.sh
[1.475s] -- Installing: /home/robot/sweepy_dev_ws/install/sweepy_perception/share/sweepy_perception/environment/ament_prefix_path.dsv
[1.478s] -- Installing: /home/robot/sweepy_dev_ws/install/sweepy_perception/share/sweepy_perception/environment/path.sh
[1.479s] -- Installing: /home/robot/sweepy_dev_ws/install/sweepy_perception/share/sweepy_perception/environment/path.dsv
[1.480s] -- Installing: /home/robot/sweepy_dev_ws/install/sweepy_perception/share/sweepy_perception/local_setup.bash
[1.480s] -- Installing: /home/robot/sweepy_dev_ws/install/sweepy_perception/share/sweepy_perception/local_setup.sh
[1.481s] -- Installing: /home/robot/sweepy_dev_ws/install/sweepy_perception/share/sweepy_perception/local_setup.zsh
[1.482s] -- Installing: /home/robot/sweepy_dev_ws/install/sweepy_perception/share/sweepy_perception/local_setup.dsv
[1.482s] -- Installing: /home/robot/sweepy_dev_ws/install/sweepy_perception/share/sweepy_perception/package.dsv
[1.482s] -- Installing: /home/robot/sweepy_dev_ws/install/sweepy_perception/share/ament_index/resource_index/packages/sweepy_perception
[1.482s] -- Installing: /home/robot/sweepy_dev_ws/install/sweepy_perception/share/sweepy_perception/cmake/sweepy_perceptionConfig.cmake
[1.483s] -- Installing: /home/robot/sweepy_dev_ws/install/sweepy_perception/share/sweepy_perception/cmake/sweepy_perceptionConfig-version.cmake
[1.483s] -- Installing: /home/robot/sweepy_dev_ws/install/sweepy_perception/share/sweepy_perception/package.xml
[1.538s] Invoked command in '/home/robot/sweepy_dev_ws/build/sweepy_perception' returned '0': CMAKE_PREFIX_PATH=${CMAKE_PREFIX_PATH}:/opt/ros/humble /usr/bin/cmake --install /home/robot/sweepy_dev_ws/build/sweepy_perception
