-- Install configuration: ""
-- Up-to-date: /home/robot/sweepy_dev_ws/install/sweepy_nav/share/sweepy_nav/src
-- Up-to-date: /home/robot/sweepy_dev_ws/install/sweepy_nav/share/sweepy_nav/launch
-- Up-to-date: /home/robot/sweepy_dev_ws/install/sweepy_nav/share/sweepy_nav/launch/navigation_launch.py
-- Up-to-date: /home/robot/sweepy_dev_ws/install/sweepy_nav/share/sweepy_nav/launch/amcl_launch.py
-- Up-to-date: /home/robot/sweepy_dev_ws/install/sweepy_nav/share/sweepy_nav/launch/online_async_launch.py
-- Up-to-date: /home/robot/sweepy_dev_ws/install/sweepy_nav/share/sweepy_nav/config
-- Up-to-date: /home/robot/sweepy_dev_ws/install/sweepy_nav/share/sweepy_nav/config/mapper_params_localization.yaml
-- Up-to-date: /home/robot/sweepy_dev_ws/install/sweepy_nav/share/sweepy_nav/config/mapper_params_online_async.yaml
-- Up-to-date: /home/robot/sweepy_dev_ws/install/sweepy_nav/share/sweepy_nav/config/ekf_params.yaml
-- Up-to-date: /home/robot/sweepy_dev_ws/install/sweepy_nav/share/sweepy_nav/config/nav2_params.yaml
-- Up-to-date: /home/robot/sweepy_dev_ws/install/sweepy_nav/share/ament_index/resource_index/package_run_dependencies/sweepy_nav
-- Up-to-date: /home/robot/sweepy_dev_ws/install/sweepy_nav/share/ament_index/resource_index/parent_prefix_path/sweepy_nav
-- Up-to-date: /home/robot/sweepy_dev_ws/install/sweepy_nav/share/sweepy_nav/environment/ament_prefix_path.sh
-- Up-to-date: /home/robot/sweepy_dev_ws/install/sweepy_nav/share/sweepy_nav/environment/ament_prefix_path.dsv
-- Up-to-date: /home/robot/sweepy_dev_ws/install/sweepy_nav/share/sweepy_nav/environment/path.sh
-- Up-to-date: /home/robot/sweepy_dev_ws/install/sweepy_nav/share/sweepy_nav/environment/path.dsv
-- Up-to-date: /home/robot/sweepy_dev_ws/install/sweepy_nav/share/sweepy_nav/local_setup.bash
-- Up-to-date: /home/robot/sweepy_dev_ws/install/sweepy_nav/share/sweepy_nav/local_setup.sh
-- Up-to-date: /home/robot/sweepy_dev_ws/install/sweepy_nav/share/sweepy_nav/local_setup.zsh
-- Up-to-date: /home/robot/sweepy_dev_ws/install/sweepy_nav/share/sweepy_nav/local_setup.dsv
-- Installing: /home/robot/sweepy_dev_ws/install/sweepy_nav/share/sweepy_nav/package.dsv
-- Up-to-date: /home/robot/sweepy_dev_ws/install/sweepy_nav/share/ament_index/resource_index/packages/sweepy_nav
-- Up-to-date: /home/robot/sweepy_dev_ws/install/sweepy_nav/share/sweepy_nav/cmake/sweepy_navConfig.cmake
-- Up-to-date: /home/robot/sweepy_dev_ws/install/sweepy_nav/share/sweepy_nav/cmake/sweepy_navConfig-version.cmake
-- Up-to-date: /home/robot/sweepy_dev_ws/install/sweepy_nav/share/sweepy_nav/package.xml
